#
# A fatal error has been detected by the Java Runtime Environment:
#
#  EXCEPTION_ACCESS_VIOLATION (0xc0000005) at pc=0x211ce7c2, pid=21440, tid=0x0000510c
#
# JRE version: Java(TM) SE Runtime Environment (8.0_161-b12) (build 1.8.0_161-b12)
# Java VM: Java HotSpot(TM) Client VM (25.161-b12 mixed mode, sharing windows-x86 )
# Problematic frame:
# C  [jfxwebkit.dll+0x7be7c2]
#
# Failed to write core dump. Minidumps are not enabled by default on client versions of Windows
#
# If you would like to submit a bug report, please visit:
#   http://bugreport.java.com/bugreport/crash.jsp
# The crash happened outside the Java Virtual Machine in native code.
# See problematic frame for where to report the bug.
#

---------------  T H R E A D  ---------------

Current thread (0x14e2a000):  JavaThread "JavaFX Application Thread" [_thread_in_native, id=20748, stack(0x157a0000,0x157f0000)]

siginfo: ExceptionCode=0xc0000005, reading address 0x00000000

Registers:
EAX=0x00000002, EBX=0x00000000, ECX=0x00000003, EDX=0x00000000
ESP=0x157eca14, EBP=0x157eca20, ESI=0x00000000, EDI=0x00000003
EIP=0x211ce7c2, EFLAGS=0x00210206

Top of Stack: (sp=0x157eca14)
0x157eca14:   00000000 27d407e8 27d407e5 157eca30
0x157eca24:   211ce98c 00000000 00000003 157eca78
0x157eca34:   211cf29e 00000000 00000003 157ecc90
0x157eca44:   157ecd11 00000000 270501e8 00000000
0x157eca54:   00000000 00000000 27d407e5 00000000
0x157eca64:   270501e0 00000000 000000be 27d407e2
0x157eca74:   00000000 157ecaa8 211ceaff 157ecd11
0x157eca84:   ffffffff 00000000 157ecc90 157ed0dc 

Instructions: (pc=0x211ce7c2)
0x211ce7a2:   5d c3 cc cc cc cc cc cc cc cc cc cc cc cc 55 8b
0x211ce7b2:   ec 53 56 57 8b 7d 0c 33 f6 85 ff 7e 24 8b 5d 08
0x211ce7c2:   0f b6 04 1e 50 e8 24 cf fc ff 83 c4 04 84 c0 75
0x211ce7d2:   0b 8a 04 1e 3c 30 7c 10 3c 39 7f 0c 46 3b f7 7c 


Register to memory mapping:

EAX=0x00000002 is an unknown value
EBX=0x00000000 is an unknown value
ECX=0x00000003 is an unknown value
EDX=0x00000000 is an unknown value
ESP=0x157eca14 is pointing into the stack for thread: 0x14e2a000
EBP=0x157eca20 is pointing into the stack for thread: 0x14e2a000
ESI=0x00000000 is an unknown value
EDI=0x00000003 is an unknown value


Stack: [0x157a0000,0x157f0000],  sp=0x157eca14,  free space=306k
Native frames: (J=compiled Java code, j=interpreted, Vv=VM code, C=native code)
C  [jfxwebkit.dll+0x7be7c2]
C  [jfxwebkit.dll+0x7be98c]
C  [jfxwebkit.dll+0x7bf29e]
C  [jfxwebkit.dll+0x7beaff]
C  [jfxwebkit.dll+0x79878c]
C  [jfxwebkit.dll+0x799e56]
C  [jfxwebkit.dll+0x7782ac]
C  [jfxwebkit.dll+0x777544]
C  [jfxwebkit.dll+0x768861]
C  [jfxwebkit.dll+0x10730c4]
C  [jfxwebkit.dll+0x1073988]
C  [jfxwebkit.dll+0x1072a35]
C  [jfxwebkit.dll+0x5a9200]
C  [jfxwebkit.dll+0x5a5cd9]
C  [jfxwebkit.dll+0x5aa63b]
C  [jfxwebkit.dll+0x5a9a0a]
C  [jfxwebkit.dll+0x5d30f9]
C  [jfxwebkit.dll+0x5d4f2f]
C  [jfxwebkit.dll+0x4ea7bf]
C  [jfxwebkit.dll+0x4ea48d]
C  [jfxwebkit.dll+0x4e9e64]
C  [jfxwebkit.dll+0x4df419]
C  [jfxwebkit.dll+0x4de763]
C  [jfxwebkit.dll+0x4ce92c]
C  [jfxwebkit.dll+0x4dee01]
C  [jfxwebkit.dll+0x4df33a]
C  [jfxwebkit.dll+0x4de771]
C  [jfxwebkit.dll+0x4ce92c]
C  [jfxwebkit.dll+0x4dee01]
C  [jfxwebkit.dll+0x4df33a]
C  [jfxwebkit.dll+0x4de771]
C  [jfxwebkit.dll+0x4ce92c]
C  [jfxwebkit.dll+0x4dee01]
C  [jfxwebkit.dll+0x4df33a]
C  [jfxwebkit.dll+0x4de771]
C  [jfxwebkit.dll+0x4ce92c]
C  [jfxwebkit.dll+0x4dee01]
C  [jfxwebkit.dll+0x4df33a]
C  [jfxwebkit.dll+0x4de771]
C  [jfxwebkit.dll+0x4ce92c]
C  [jfxwebkit.dll+0x4ceb0a]
C  [jfxwebkit.dll+0x4cebc0]
C  [jfxwebkit.dll+0x4de972]
C  [jfxwebkit.dll+0x4ce92c]
C  [jfxwebkit.dll+0x5bc7c1]
C  [jfxwebkit.dll+0x3becfe]
C  [jfxwebkit.dll+0x3befb7]
C  [jfxwebkit.dll+0x704b9c]
j  com.sun.webkit.Timer.fireTimerEvent(J)V+45
j  com.sun.webkit.Timer.notifyTick()V+25
j  javafx.scene.web.WebEngine$PulseTimer.lambda$null$49()V+3
j  javafx.scene.web.WebEngine$PulseTimer$$Lambda$230.run()V+0
j  com.sun.javafx.application.PlatformImpl.lambda$null$172(Ljava/lang/Runnable;)Ljava/lang/Void;+1
j  com.sun.javafx.application.PlatformImpl$$Lambda$49.run()Ljava/lang/Object;+4
v  ~StubRoutines::call_stub
V  [jvm.dll+0x15b6d5]
V  [jvm.dll+0x22229e]
V  [jvm.dll+0x15b76e]
V  [jvm.dll+0x10b83f]
C  [java.dll+0x102f]
j  com.sun.javafx.application.PlatformImpl.lambda$runLater$173(Ljava/lang/Runnable;Ljava/security/AccessControlContext;)V+7
j  com.sun.javafx.application.PlatformImpl$$Lambda$47.run()V+8
j  com.sun.glass.ui.InvokeLaterDispatcher$Future.run()V+4
v  ~StubRoutines::call_stub
V  [jvm.dll+0x15b6d5]
V  [jvm.dll+0x22229e]
V  [jvm.dll+0x15b76e]
V  [jvm.dll+0xdd2fb]
V  [jvm.dll+0xe028c]
C  [glass.dll+0x469c]

Java frames: (J=compiled Java code, j=interpreted, Vv=VM code)
j  com.sun.webkit.Timer.twkFireTimerEvent()V+0
j  com.sun.webkit.Timer.fireTimerEvent(J)V+45
j  com.sun.webkit.Timer.notifyTick()V+25
j  javafx.scene.web.WebEngine$PulseTimer.lambda$null$49()V+3
j  javafx.scene.web.WebEngine$PulseTimer$$Lambda$230.run()V+0
j  com.sun.javafx.application.PlatformImpl.lambda$null$172(Ljava/lang/Runnable;)Ljava/lang/Void;+1
j  com.sun.javafx.application.PlatformImpl$$Lambda$49.run()Ljava/lang/Object;+4
v  ~StubRoutines::call_stub
j  java.security.AccessController.doPrivileged(Ljava/security/PrivilegedAction;Ljava/security/AccessControlContext;)Ljava/lang/Object;+0
j  com.sun.javafx.application.PlatformImpl.lambda$runLater$173(Ljava/lang/Runnable;Ljava/security/AccessControlContext;)V+7
j  com.sun.javafx.application.PlatformImpl$$Lambda$47.run()V+8
j  com.sun.glass.ui.InvokeLaterDispatcher$Future.run()V+4
v  ~StubRoutines::call_stub
j  com.sun.glass.ui.win.WinApplication._runLoop(Ljava/lang/Runnable;)V+0
j  com.sun.glass.ui.win.WinApplication.lambda$null$147(ILjava/lang/Runnable;)V+8
j  com.sun.glass.ui.win.WinApplication$$Lambda$37.run()V+12
j  java.lang.Thread.run()V+11
v  ~StubRoutines::call_stub

---------------  P R O C E S S  ---------------

Java Threads: ( => current thread )
  0x165bb400 JavaThread "Thread-12" daemon [_thread_in_native, id=18204, stack(0x27b40000,0x27b90000)]
  0x165c1000 JavaThread "URL-Loader-20" daemon [_thread_blocked, id=19564, stack(0x278e0000,0x27930000)]
  0x165be400 JavaThread "URL-Loader-19" daemon [_thread_blocked, id=18968, stack(0x27850000,0x278a0000)]
  0x165bd400 JavaThread "URL-Loader-18" daemon [_thread_blocked, id=19200, stack(0x277c0000,0x27810000)]
  0x165b9800 JavaThread "URL-Loader-17" daemon [_thread_blocked, id=20048, stack(0x27730000,0x27780000)]
  0x165bac00 JavaThread "URL-Loader-16" daemon [_thread_blocked, id=19216, stack(0x276a0000,0x276f0000)]
  0x165ba000 JavaThread "URL-Loader-15" daemon [_thread_blocked, id=5744, stack(0x27610000,0x27660000)]
  0x165bd800 JavaThread "URL-Loader-14" daemon [_thread_blocked, id=18484, stack(0x27580000,0x275d0000)]
  0x165c0c00 JavaThread "URL-Loader-13" daemon [_thread_blocked, id=20644, stack(0x274f0000,0x27540000)]
  0x165c0400 JavaThread "URL-Loader-12" daemon [_thread_blocked, id=15700, stack(0x26a70000,0x26ac0000)]
  0x165bcc00 JavaThread "URL-Loader-11" daemon [_thread_blocked, id=8096, stack(0x261e0000,0x26230000)]
  0x165a2400 JavaThread "Keep-Alive-Timer" daemon [_thread_blocked, id=10660, stack(0x26060000,0x260b0000)]
  0x165a0c00 JavaThread "URL-Loader-10" daemon [_thread_blocked, id=10664, stack(0x25fd0000,0x26020000)]
  0x165a1400 JavaThread "URL-Loader-9" daemon [_thread_blocked, id=14088, stack(0x25f40000,0x25f90000)]
  0x165a0800 JavaThread "URL-Loader-8" daemon [_thread_blocked, id=13288, stack(0x25eb0000,0x25f00000)]
  0x165a0000 JavaThread "URL-Loader-7" daemon [_thread_blocked, id=13144, stack(0x25e20000,0x25e70000)]
  0x165a2c00 JavaThread "URL-Loader-6" daemon [_thread_blocked, id=12220, stack(0x25d90000,0x25de0000)]
  0x165a3400 JavaThread "URL-Loader-5" daemon [_thread_blocked, id=20200, stack(0x25d00000,0x25d50000)]
  0x1659f800 JavaThread "URL-Loader-4" daemon [_thread_blocked, id=20488, stack(0x25c70000,0x25cc0000)]
  0x165a1800 JavaThread "URL-Loader-3" daemon [_thread_blocked, id=20424, stack(0x25be0000,0x25c30000)]
  0x165a2000 JavaThread "URL-Loader-2" daemon [_thread_blocked, id=19624, stack(0x25b50000,0x25ba0000)]
  0x16445000 JavaThread "URL-Loader-1" daemon [_thread_blocked, id=17444, stack(0x18690000,0x186e0000)]
  0x16216400 JavaThread "Disposer" daemon [_thread_blocked, id=19492, stack(0x18600000,0x18650000)]
  0x1630b000 JavaThread "Prism Font Disposer" daemon [_thread_blocked, id=19908, stack(0x17650000,0x176a0000)]
  0x14e5c000 JavaThread "Thread-3" daemon [_thread_in_native, id=20252, stack(0x16130000,0x16180000)]
  0x14e66400 JavaThread "JavaFX-Launcher" [_thread_blocked, id=20264, stack(0x161c0000,0x16210000)]
=>0x14e2a000 JavaThread "JavaFX Application Thread" [_thread_in_native, id=20748, stack(0x157a0000,0x157f0000)]
  0x14e1e800 JavaThread "Thread-1" daemon [_thread_blocked, id=20516, stack(0x15710000,0x15760000)]
  0x14dfac00 JavaThread "QuantumRenderer-0" daemon [_thread_blocked, id=20760, stack(0x15570000,0x155c0000)]
  0x14cecc00 JavaThread "Service Thread" daemon [_thread_blocked, id=17840, stack(0x15010000,0x15060000)]
  0x14cbcc00 JavaThread "C1 CompilerThread0" daemon [_thread_blocked, id=21148, stack(0x14f80000,0x14fd0000)]
  0x14cbc400 JavaThread "Monitor Ctrl-Break" daemon [_thread_in_native, id=20788, stack(0x14ef0000,0x14f40000)]
  0x00ea1c00 JavaThread "Attach Listener" daemon [_thread_blocked, id=1160, stack(0x14c60000,0x14cb0000)]
  0x00e99400 JavaThread "Signal Dispatcher" daemon [_thread_blocked, id=4144, stack(0x012c0000,0x01310000)]
  0x00e96c00 JavaThread "Finalizer" daemon [_thread_blocked, id=13640, stack(0x01120000,0x01170000)]
  0x00e39c00 JavaThread "Reference Handler" daemon [_thread_blocked, id=4864, stack(0x01090000,0x010e0000)]
  0x00bfe000 JavaThread "main" [_thread_blocked, id=12720, stack(0x00b90000,0x00be0000)]

Other Threads:
  0x00e36400 VMThread [stack: 0x01000000,0x01050000] [id=16540]
  0x14cef000 WatcherThread [stack: 0x150a0000,0x150f0000] [id=20752]

VM state:not at safepoint (normal execution)

VM Mutex/Monitor currently owned by a thread: None

Heap:
 def new generation   total 8256K, used 4169K [0x04800000, 0x050f0000, 0x09d50000)
  eden space 7360K,  44% used [0x04800000, 0x04b327b8, 0x04f30000)
  from space 896K, 100% used [0x04f30000, 0x05010000, 0x05010000)
  to   space 896K,   0% used [0x05010000, 0x05010000, 0x050f0000)
 tenured generation   total 18180K, used 12751K [0x09d50000, 0x0af11000, 0x14800000)
   the space 18180K,  70% used [0x09d50000, 0x0a9c3c50, 0x0a9c3e00, 0x0af11000)
 Metaspace       used 10058K, capacity 10692K, committed 10752K, reserved 11648K

Card table byte_map: [0x00f10000,0x00fa0000] byte_map_base: 0x00eec000

Polling page: 0x007d0000

CodeCache: size=32768Kb used=2575Kb max_used=2575Kb free=30192Kb
 bounds [0x027c0000, 0x02a48000, 0x047c0000]
 total_blobs=1620 nmethods=1171 adapters=379
 compilation: enabled

Compilation events (10 events):
Event: 5.071 Thread 0x14cbcc00 1185             com.sun.javafx.font.CharToGlyphMapper::getMissingGlyphCode (5 bytes)
Event: 5.071 Thread 0x14cbcc00 nmethod 1185 0x02a42b88 code [0x02a42c80, 0x02a42d00]
Event: 5.071 Thread 0x14cbcc00 1186             com.sun.javafx.font.LogicalFont::getNumSlots (31 bytes)
Event: 5.071 Thread 0x14cbcc00 nmethod 1186 0x02a42d48 code [0x02a42e50, 0x02a42f0c]
Event: 5.071 Thread 0x14cbcc00 1187             com.sun.javafx.font.CompositeGlyphMapper::getSlotMapper (78 bytes)
Event: 5.071 Thread 0x14cbcc00 nmethod 1187 0x02a42fc8 code [0x02a43110, 0x02a433b0]
Event: 5.071 Thread 0x14cbcc00 1188             com.sun.javafx.font.CompositeGlyphMapper::convertToGlyph (96 bytes)
Event: 5.072 Thread 0x14cbcc00 nmethod 1188 0x02a43608 code [0x02a43780, 0x02a43ba8]
Event: 5.165 Thread 0x14cbcc00 1189             java.util.logging.Level::intValue (5 bytes)
Event: 5.165 Thread 0x14cbcc00 nmethod 1189 0x02a44088 code [0x02a44180, 0x02a44200]

GC Heap History (10 events):
Event: 4.412 GC heap before
{Heap before GC invocations=48 (full 1):
 def new generation   total 8256K, used 7538K [0x04800000, 0x050f0000, 0x09d50000)
  eden space 7360K,  99% used [0x04800000, 0x04f2ec98, 0x04f30000)
  from space 896K,  20% used [0x05010000, 0x0503de10, 0x050f0000)
  to   space 896K,   0% used [0x04f30000, 0x04f30000, 0x05010000)
 tenured generation   total 18180K, used 10908K [0x09d50000, 0x0af11000, 0x14800000)
   the space 18180K,  60% used [0x09d50000, 0x0a7f7040, 0x0a7f7200, 0x0af11000)
 Metaspace       used 9766K, capacity 10386K, committed 10496K, reserved 10624K
Event: 4.412 GC heap after
Heap after GC invocations=49 (full 1):
 def new generation   total 8256K, used 186K [0x04800000, 0x050f0000, 0x09d50000)
  eden space 7360K,   0% used [0x04800000, 0x04800000, 0x04f30000)
  from space 896K,  20% used [0x04f30000, 0x04f5e908, 0x05010000)
  to   space 896K,   0% used [0x05010000, 0x05010000, 0x050f0000)
 tenured generation   total 18180K, used 10908K [0x09d50000, 0x0af11000, 0x14800000)
   the space 18180K,  60% used [0x09d50000, 0x0a7f7040, 0x0a7f7200, 0x0af11000)
 Metaspace       used 9766K, capacity 10386K, committed 10496K, reserved 10624K
}
Event: 4.414 GC heap before
{Heap before GC invocations=49 (full 1):
 def new generation   total 8256K, used 7459K [0x04800000, 0x050f0000, 0x09d50000)
  eden space 7360K,  98% used [0x04800000, 0x04f1a4e8, 0x04f30000)
  from space 896K,  20% used [0x04f30000, 0x04f5e908, 0x05010000)
  to   space 896K,   0% used [0x05010000, 0x05010000, 0x050f0000)
 tenured generation   total 18180K, used 10908K [0x09d50000, 0x0af11000, 0x14800000)
   the space 18180K,  60% used [0x09d50000, 0x0a7f7040, 0x0a7f7200, 0x0af11000)
 Metaspace       used 9766K, capacity 10386K, committed 10496K, reserved 10624K
Event: 4.415 GC heap after
Heap after GC invocations=50 (full 1):
 def new generation   total 8256K, used 188K [0x04800000, 0x050f0000, 0x09d50000)
  eden space 7360K,   0% used [0x04800000, 0x04800000, 0x04f30000)
  from space 896K,  21% used [0x05010000, 0x0503f3b8, 0x050f0000)
  to   space 896K,   0% used [0x04f30000, 0x04f30000, 0x05010000)
 tenured generation   total 18180K, used 10908K [0x09d50000, 0x0af11000, 0x14800000)
   the space 18180K,  60% used [0x09d50000, 0x0a7f7040, 0x0a7f7200, 0x0af11000)
 Metaspace       used 9766K, capacity 10386K, committed 10496K, reserved 10624K
}
Event: 4.446 GC heap before
{Heap before GC invocations=50 (full 1):
 def new generation   total 8256K, used 7548K [0x04800000, 0x050f0000, 0x09d50000)
  eden space 7360K, 100% used [0x04800000, 0x04f30000, 0x04f30000)
  from space 896K,  21% used [0x05010000, 0x0503f3b8, 0x050f0000)
  to   space 896K,   0% used [0x04f30000, 0x04f30000, 0x05010000)
 tenured generation   total 18180K, used 10908K [0x09d50000, 0x0af11000, 0x14800000)
   the space 18180K,  60% used [0x09d50000, 0x0a7f7040, 0x0a7f7200, 0x0af11000)
 Metaspace       used 9779K, capacity 10386K, committed 10496K, reserved 10624K
Event: 4.447 GC heap after
Heap after GC invocations=51 (full 1):
 def new generation   total 8256K, used 394K [0x04800000, 0x050f0000, 0x09d50000)
  eden space 7360K,   0% used [0x04800000, 0x04800000, 0x04f30000)
  from space 896K,  44% used [0x04f30000, 0x04f929d8, 0x05010000)
  to   space 896K,   0% used [0x05010000, 0x05010000, 0x050f0000)
 tenured generation   total 18180K, used 10908K [0x09d50000, 0x0af11000, 0x14800000)
   the space 18180K,  60% used [0x09d50000, 0x0a7f7040, 0x0a7f7200, 0x0af11000)
 Metaspace       used 9779K, capacity 10386K, committed 10496K, reserved 10624K
}
Event: 4.562 GC heap before
{Heap before GC invocations=51 (full 1):
 def new generation   total 8256K, used 7754K [0x04800000, 0x050f0000, 0x09d50000)
  eden space 7360K, 100% used [0x04800000, 0x04f30000, 0x04f30000)
  from space 896K,  44% used [0x04f30000, 0x04f929d8, 0x05010000)
  to   space 896K,   0% used [0x05010000, 0x05010000, 0x050f0000)
 tenured generation   total 18180K, used 10908K [0x09d50000, 0x0af11000, 0x14800000)
   the space 18180K,  60% used [0x09d50000, 0x0a7f7040, 0x0a7f7200, 0x0af11000)
 Metaspace       used 9877K, capacity 10502K, committed 10624K, reserved 10624K
Event: 4.566 GC heap after
Heap after GC invocations=52 (full 1):
 def new generation   total 8256K, used 896K [0x04800000, 0x050f0000, 0x09d50000)
  eden space 7360K,   0% used [0x04800000, 0x04800000, 0x04f30000)
  from space 896K, 100% used [0x05010000, 0x050f0000, 0x050f0000)
  to   space 896K,   0% used [0x04f30000, 0x04f30000, 0x05010000)
 tenured generation   total 18180K, used 11795K [0x09d50000, 0x0af11000, 0x14800000)
   the space 18180K,  64% used [0x09d50000, 0x0a8d4e60, 0x0a8d5000, 0x0af11000)
 Metaspace       used 9877K, capacity 10502K, committed 10624K, reserved 10624K
}
Event: 4.798 GC heap before
{Heap before GC invocations=52 (full 1):
 def new generation   total 8256K, used 8158K [0x04800000, 0x050f0000, 0x09d50000)
  eden space 7360K,  98% used [0x04800000, 0x04f17a30, 0x04f30000)
  from space 896K, 100% used [0x05010000, 0x050f0000, 0x050f0000)
  to   space 896K,   0% used [0x04f30000, 0x04f30000, 0x05010000)
 tenured generation   total 18180K, used 11795K [0x09d50000, 0x0af11000, 0x14800000)
   the space 18180K,  64% used [0x09d50000, 0x0a8d4e60, 0x0a8d5000, 0x0af11000)
 Metaspace       used 10040K, capacity 10660K, committed 10752K, reserved 11648K
Event: 4.801 GC heap after
Heap after GC invocations=53 (full 1):
 def new generation   total 8256K, used 896K [0x04800000, 0x050f0000, 0x09d50000)
  eden space 7360K,   0% used [0x04800000, 0x04800000, 0x04f30000)
  from space 896K, 100% used [0x04f30000, 0x05010000, 0x05010000)
  to   space 896K,   0% used [0x05010000, 0x05010000, 0x050f0000)
 tenured generation   total 18180K, used 12751K [0x09d50000, 0x0af11000, 0x14800000)
   the space 18180K,  70% used [0x09d50000, 0x0a9c3c50, 0x0a9c3e00, 0x0af11000)
 Metaspace       used 10040K, capacity 10660K, committed 10752K, reserved 11648K
}

Deoptimization events (0 events):
No events

Classes redefined (0 events):
No events

Internal exceptions (10 events):
Event: 0.892 Thread 0x14e2a000 Exception <a 'java/lang/ArrayIndexOutOfBoundsException': 86> (0x0493fae0) thrown at [C:\re\workspace\8-2-build-windows-i586-cygwin\jdk8u161\10277\hotspot\src\share\vm\interpreter\interpreterRuntime.cpp, line 366]
Event: 0.947 Thread 0x14e2a000 Exception <a 'java/lang/ArrayIndexOutOfBoundsException'> (0x04a59960) thrown at [C:\re\workspace\8-2-build-windows-i586-cygwin\jdk8u161\10277\hotspot\src\share\vm\runtime\sharedRuntime.cpp, line 605]
Event: 0.949 Thread 0x14e2a000 Exception <a 'java/lang/ArrayIndexOutOfBoundsException'> (0x04a673d0) thrown at [C:\re\workspace\8-2-build-windows-i586-cygwin\jdk8u161\10277\hotspot\src\share\vm\runtime\sharedRuntime.cpp, line 605]
Event: 3.246 Thread 0x14e2a000 Exception <a 'sun/nio/fs/WindowsException'> (0x04929f18) thrown at [C:\re\workspace\8-2-build-windows-i586-cygwin\jdk8u161\10277\hotspot\src\share\vm\prims\jni.cpp, line 709]
Event: 3.250 Thread 0x14e2a000 Exception <a 'sun/nio/fs/WindowsException'> (0x049310d0) thrown at [C:\re\workspace\8-2-build-windows-i586-cygwin\jdk8u161\10277\hotspot\src\share\vm\prims\jni.cpp, line 709]
Event: 4.845 Thread 0x165bb400 Exception <a 'sun/nio/fs/WindowsException'> (0x048a5b18) thrown at [C:\re\workspace\8-2-build-windows-i586-cygwin\jdk8u161\10277\hotspot\src\share\vm\prims\jni.cpp, line 709]
Event: 4.917 Thread 0x14e2a000 Exception <a 'java/io/FileNotFoundException'> (0x04976cd0) thrown at [C:\re\workspace\8-2-build-windows-i586-cygwin\jdk8u161\10277\hotspot\src\share\vm\prims\jni.cpp, line 709]
Event: 4.918 Thread 0x14e2a000 Exception <a 'java/io/FileNotFoundException'> (0x04977d20) thrown at [C:\re\workspace\8-2-build-windows-i586-cygwin\jdk8u161\10277\hotspot\src\share\vm\prims\jni.cpp, line 709]
Event: 4.927 Thread 0x14e2a000 Exception <a 'java/io/FileNotFoundException'> (0x049b5120) thrown at [C:\re\workspace\8-2-build-windows-i586-cygwin\jdk8u161\10277\hotspot\src\share\vm\prims\jni.cpp, line 709]
Event: 4.927 Thread 0x14e2a000 Exception <a 'java/io/FileNotFoundException'> (0x049b60c8) thrown at [C:\re\workspace\8-2-build-windows-i586-cygwin\jdk8u161\10277\hotspot\src\share\vm\prims\jni.cpp, line 709]

Events (10 events):
Event: 4.874 loading class com/sun/javafx/font/directwrite/DWRITE_SCRIPT_ANALYSIS
Event: 4.874 loading class com/sun/javafx/font/directwrite/DWRITE_SCRIPT_ANALYSIS done
Event: 4.875 loading class com/sun/javafx/font/directwrite/IDWriteTextFormat
Event: 4.875 loading class com/sun/javafx/font/directwrite/IDWriteTextFormat done
Event: 4.875 loading class com/sun/javafx/font/directwrite/IDWriteTextLayout
Event: 4.875 loading class com/sun/javafx/font/directwrite/IDWriteTextLayout done
Event: 4.875 loading class com/sun/javafx/font/directwrite/JFXTextRenderer
Event: 4.875 loading class com/sun/javafx/font/directwrite/JFXTextRenderer done
Event: 4.892 loading class com/sun/javafx/font/directwrite/IDWriteLocalizedStrings
Event: 4.892 loading class com/sun/javafx/font/directwrite/IDWriteLocalizedStrings done


Dynamic libraries:
0x01370000 - 0x013a3000 	C:\Program Files (x86)\Java\jdk1.8.0_161\bin\java.exe
0x776c0000 - 0x77850000 	C:\WINDOWS\SYSTEM32\ntdll.dll
0x763c0000 - 0x764a0000 	C:\WINDOWS\System32\KERNEL32.DLL
0x6d810000 - 0x6d820000 	C:\Program Files\AVAST Software\Avast\x86\aswhook.dll
0x773e0000 - 0x775c4000 	C:\WINDOWS\System32\KERNELBASE.dll
0x6cee0000 - 0x6cf7d000 	C:\WINDOWS\SYSTEM32\apphelp.dll
0x758b0000 - 0x75928000 	C:\WINDOWS\System32\ADVAPI32.dll
0x753d0000 - 0x7548f000 	C:\WINDOWS\System32\msvcrt.dll
0x76370000 - 0x763b4000 	C:\WINDOWS\System32\sechost.dll
0x76140000 - 0x76200000 	C:\WINDOWS\System32\RPCRT4.dll
0x73f80000 - 0x73fa0000 	C:\WINDOWS\System32\SspiCli.dll
0x73f70000 - 0x73f7a000 	C:\WINDOWS\System32\CRYPTBASE.dll
0x76da0000 - 0x76df8000 	C:\WINDOWS\System32\bcryptPrimitives.dll
0x764a0000 - 0x7662d000 	C:\WINDOWS\System32\USER32.dll
0x771d0000 - 0x771e7000 	C:\WINDOWS\System32\win32u.dll
0x75700000 - 0x75722000 	C:\WINDOWS\System32\GDI32.dll
0x76c30000 - 0x76d94000 	C:\WINDOWS\System32\gdi32full.dll
0x76200000 - 0x7627d000 	C:\WINDOWS\System32\msvcp_win.dll
0x75790000 - 0x758ad000 	C:\WINDOWS\System32\ucrtbase.dll
0x6bbe0000 - 0x6bde4000 	C:\WINDOWS\WinSxS\x86_microsoft.windows.common-controls_6595b64144ccf1df_6.0.17134.648_none_42f2d7c044decfd8\COMCTL32.dll
0x76f70000 - 0x771cc000 	C:\WINDOWS\System32\combase.dll
0x75650000 - 0x75676000 	C:\WINDOWS\System32\IMM32.DLL
0x77da0000 - 0x77e5d000 	C:\Program Files (x86)\Java\jdk1.8.0_161\jre\bin\msvcr100.dll
0x6d200000 - 0x6d5d0000 	C:\Program Files (x86)\Java\jdk1.8.0_161\jre\bin\client\jvm.dll
0x77380000 - 0x77386000 	C:\WINDOWS\System32\PSAPI.DLL
0x708a0000 - 0x708a8000 	C:\WINDOWS\SYSTEM32\WSOCK32.dll
0x75490000 - 0x754f7000 	C:\WINDOWS\System32\WS2_32.dll
0x73610000 - 0x73634000 	C:\WINDOWS\SYSTEM32\WINMM.dll
0x73a00000 - 0x73a08000 	C:\WINDOWS\SYSTEM32\VERSION.dll
0x73460000 - 0x73483000 	C:\WINDOWS\SYSTEM32\WINMMBASE.dll
0x76bf0000 - 0x76c29000 	C:\WINDOWS\System32\cfgmgr32.dll
0x705f0000 - 0x705fc000 	C:\Program Files (x86)\Java\jdk1.8.0_161\jre\bin\verify.dll
0x6d8f0000 - 0x6d912000 	C:\Program Files (x86)\Java\jdk1.8.0_161\jre\bin\java.dll
0x6d7d0000 - 0x6d7f0000 	C:\Program Files (x86)\Java\jdk1.8.0_161\jre\bin\instrument.dll
0x703f0000 - 0x70404000 	C:\Program Files (x86)\Java\jdk1.8.0_161\jre\bin\zip.dll
0x74080000 - 0x753ca000 	C:\WINDOWS\System32\SHELL32.dll
0x76290000 - 0x76318000 	C:\WINDOWS\System32\shcore.dll
0x76630000 - 0x76bea000 	C:\WINDOWS\System32\windows.storage.dll
0x77390000 - 0x773d5000 	C:\WINDOWS\System32\shlwapi.dll
0x75f60000 - 0x75f6f000 	C:\WINDOWS\System32\kernel.appcore.dll
0x75f70000 - 0x75f88000 	C:\WINDOWS\System32\profapi.dll
0x73fa0000 - 0x73fe5000 	C:\WINDOWS\System32\powrprof.dll
0x75e50000 - 0x75e58000 	C:\WINDOWS\System32\FLTLIB.DLL
0x01350000 - 0x01366000 	C:\Program Files\JetBrains\IntelliJ IDEA Community Edition 2018.3\bin\breakgen.dll
0x6ffc0000 - 0x6ffd5000 	C:\Program Files (x86)\Java\jdk1.8.0_161\jre\bin\net.dll
0x712f0000 - 0x71346000 	C:\WINDOWS\system32\mswsock.dll
0x047d0000 - 0x047d3000 	C:\Program Files (x86)\Java\jdk1.8.0_161\jre\bin\api-ms-win-core-console-l1-1-0.dll
0x047e0000 - 0x047e3000 	C:\Program Files (x86)\Java\jdk1.8.0_161\jre\bin\api-ms-win-core-datetime-l1-1-0.dll
0x047f0000 - 0x047f3000 	C:\Program Files (x86)\Java\jdk1.8.0_161\jre\bin\api-ms-win-core-debug-l1-1-0.dll
0x150f0000 - 0x150f3000 	C:\Program Files (x86)\Java\jdk1.8.0_161\jre\bin\api-ms-win-core-errorhandling-l1-1-0.dll
0x15100000 - 0x15104000 	C:\Program Files (x86)\Java\jdk1.8.0_161\jre\bin\api-ms-win-core-file-l1-1-0.dll
0x15110000 - 0x15113000 	C:\Program Files (x86)\Java\jdk1.8.0_161\jre\bin\api-ms-win-core-file-l1-2-0.dll
0x15120000 - 0x15123000 	C:\Program Files (x86)\Java\jdk1.8.0_161\jre\bin\api-ms-win-core-file-l2-1-0.dll
0x15130000 - 0x15133000 	C:\Program Files (x86)\Java\jdk1.8.0_161\jre\bin\api-ms-win-core-handle-l1-1-0.dll
0x15140000 - 0x15143000 	C:\Program Files (x86)\Java\jdk1.8.0_161\jre\bin\api-ms-win-core-heap-l1-1-0.dll
0x15150000 - 0x15153000 	C:\Program Files (x86)\Java\jdk1.8.0_161\jre\bin\api-ms-win-core-interlocked-l1-1-0.dll
0x15160000 - 0x15163000 	C:\Program Files (x86)\Java\jdk1.8.0_161\jre\bin\api-ms-win-core-libraryloader-l1-1-0.dll
0x15170000 - 0x15173000 	C:\Program Files (x86)\Java\jdk1.8.0_161\jre\bin\api-ms-win-core-localization-l1-2-0.dll
0x15180000 - 0x15183000 	C:\Program Files (x86)\Java\jdk1.8.0_161\jre\bin\api-ms-win-core-memory-l1-1-0.dll
0x15190000 - 0x15193000 	C:\Program Files (x86)\Java\jdk1.8.0_161\jre\bin\api-ms-win-core-namedpipe-l1-1-0.dll
0x151a0000 - 0x151a3000 	C:\Program Files (x86)\Java\jdk1.8.0_161\jre\bin\api-ms-win-core-processenvironment-l1-1-0.dll
0x151b0000 - 0x151b3000 	C:\Program Files (x86)\Java\jdk1.8.0_161\jre\bin\api-ms-win-core-processthreads-l1-1-0.dll
0x151c0000 - 0x151c3000 	C:\Program Files (x86)\Java\jdk1.8.0_161\jre\bin\api-ms-win-core-processthreads-l1-1-1.dll
0x151d0000 - 0x151d3000 	C:\Program Files (x86)\Java\jdk1.8.0_161\jre\bin\api-ms-win-core-profile-l1-1-0.dll
0x151e0000 - 0x151e3000 	C:\Program Files (x86)\Java\jdk1.8.0_161\jre\bin\api-ms-win-core-rtlsupport-l1-1-0.dll
0x151f0000 - 0x151f3000 	C:\Program Files (x86)\Java\jdk1.8.0_161\jre\bin\api-ms-win-core-string-l1-1-0.dll
0x15200000 - 0x15203000 	C:\Program Files (x86)\Java\jdk1.8.0_161\jre\bin\api-ms-win-core-synch-l1-1-0.dll
0x15210000 - 0x15213000 	C:\Program Files (x86)\Java\jdk1.8.0_161\jre\bin\api-ms-win-core-synch-l1-2-0.dll
0x15220000 - 0x15223000 	C:\Program Files (x86)\Java\jdk1.8.0_161\jre\bin\api-ms-win-core-sysinfo-l1-1-0.dll
0x15230000 - 0x15233000 	C:\Program Files (x86)\Java\jdk1.8.0_161\jre\bin\api-ms-win-core-timezone-l1-1-0.dll
0x15240000 - 0x15243000 	C:\Program Files (x86)\Java\jdk1.8.0_161\jre\bin\api-ms-win-core-util-l1-1-0.dll
0x15250000 - 0x15253000 	C:\Program Files (x86)\Java\jdk1.8.0_161\jre\bin\api-ms-win-crt-conio-l1-1-0.dll
0x15260000 - 0x15264000 	C:\Program Files (x86)\Java\jdk1.8.0_161\jre\bin\api-ms-win-crt-convert-l1-1-0.dll
0x15270000 - 0x15273000 	C:\Program Files (x86)\Java\jdk1.8.0_161\jre\bin\api-ms-win-crt-environment-l1-1-0.dll
0x15280000 - 0x15283000 	C:\Program Files (x86)\Java\jdk1.8.0_161\jre\bin\api-ms-win-crt-filesystem-l1-1-0.dll
0x15290000 - 0x15293000 	C:\Program Files (x86)\Java\jdk1.8.0_161\jre\bin\api-ms-win-crt-heap-l1-1-0.dll
0x152a0000 - 0x152a3000 	C:\Program Files (x86)\Java\jdk1.8.0_161\jre\bin\api-ms-win-crt-locale-l1-1-0.dll
0x152b0000 - 0x152b5000 	C:\Program Files (x86)\Java\jdk1.8.0_161\jre\bin\api-ms-win-crt-math-l1-1-0.dll
0x152c0000 - 0x152c5000 	C:\Program Files (x86)\Java\jdk1.8.0_161\jre\bin\api-ms-win-crt-multibyte-l1-1-0.dll
0x152d0000 - 0x152e0000 	C:\Program Files (x86)\Java\jdk1.8.0_161\jre\bin\api-ms-win-crt-private-l1-1-0.dll
0x152e0000 - 0x152e3000 	C:\Program Files (x86)\Java\jdk1.8.0_161\jre\bin\api-ms-win-crt-process-l1-1-0.dll
0x152f0000 - 0x152f4000 	C:\Program Files (x86)\Java\jdk1.8.0_161\jre\bin\api-ms-win-crt-runtime-l1-1-0.dll
0x15300000 - 0x15304000 	C:\Program Files (x86)\Java\jdk1.8.0_161\jre\bin\api-ms-win-crt-stdio-l1-1-0.dll
0x15310000 - 0x15314000 	C:\Program Files (x86)\Java\jdk1.8.0_161\jre\bin\api-ms-win-crt-string-l1-1-0.dll
0x15320000 - 0x15323000 	C:\Program Files (x86)\Java\jdk1.8.0_161\jre\bin\api-ms-win-crt-time-l1-1-0.dll
0x15330000 - 0x15333000 	C:\Program Files (x86)\Java\jdk1.8.0_161\jre\bin\api-ms-win-crt-utility-l1-1-0.dll
0x15340000 - 0x15458000 	C:\Program Files (x86)\Java\jdk1.8.0_161\jre\bin\ucrtbase.dll
0x15460000 - 0x1549b000 	C:\Program Files (x86)\Java\jdk1.8.0_161\jre\bin\concrt140.dll
0x726f0000 - 0x72761000 	C:\WINDOWS\SYSTEM32\MSVCP140.dll
0x72270000 - 0x72285000 	C:\WINDOWS\SYSTEM32\VCRUNTIME140.dll
0x154a0000 - 0x154b4000 	C:\Program Files (x86)\Java\jdk1.8.0_161\jre\bin\vcruntime140.dll
0x154c0000 - 0x1552c000 	C:\Program Files (x86)\Java\jdk1.8.0_161\jre\bin\msvcp140.dll
0x6fe20000 - 0x6fe3f000 	C:\Program Files (x86)\Java\jdk1.8.0_161\jre\bin\prism_d3d.dll
0x5ff10000 - 0x6007f000 	C:\WINDOWS\system32\d3d9.dll
0x71350000 - 0x71373000 	C:\WINDOWS\SYSTEM32\dwmapi.dll
0x71380000 - 0x713fc000 	C:\WINDOWS\system32\uxtheme.dll
0x59d80000 - 0x5d8ed000 	C:\WINDOWS\System32\DriverStore\FileRepository\ki125183.inf_amd64_cb49708b33bad074\igdumdim32.dll
0x75930000 - 0x75d5b000 	C:\WINDOWS\System32\SETUPAPI.dll
0x75e60000 - 0x75f5c000 	C:\WINDOWS\System32\ole32.dll
0x771f0000 - 0x77286000 	C:\WINDOWS\System32\OLEAUT32.dll
0x6ce80000 - 0x6ceb8000 	C:\Program Files (x86)\Java\jdk1.8.0_161\jre\bin\glass.dll
0x77290000 - 0x77366000 	C:\WINDOWS\System32\COMDLG32.dll
0x75500000 - 0x75643000 	C:\WINDOWS\System32\MSCTF.dll
0x58ad0000 - 0x59d78000 	C:\WINDOWS\System32\DriverStore\FileRepository\ki125183.inf_amd64_cb49708b33bad074\igc32.dll
0x6da20000 - 0x6da30000 	C:\Program Files (x86)\Java\jdk1.8.0_161\jre\bin\javafx_font.dll
0x66310000 - 0x66598000 	C:\WINDOWS\SYSTEM32\dwrite.dll
0x75d60000 - 0x75de3000 	C:\WINDOWS\System32\clbcatq.dll
0x5ecc0000 - 0x5ee31000 	C:\WINDOWS\SYSTEM32\WindowsCodecs.dll
0x669e0000 - 0x66a2f000 	C:\WINDOWS\system32\dataexchange.dll
0x66780000 - 0x669d2000 	C:\WINDOWS\system32\d3d11.dll
0x66640000 - 0x6677c000 	C:\WINDOWS\system32\dcomp.dll
0x665a0000 - 0x66638000 	C:\WINDOWS\system32\dxgi.dll
0x69890000 - 0x699f5000 	C:\WINDOWS\system32\twinapi.appcore.dll
0x16c20000 - 0x16c41000 	C:\WINDOWS\system32\RMCLIENT.dll
0x16cd0000 - 0x16cf5000 	C:\Program Files (x86)\Common Files\Microsoft Shared\Ink\rtscom.dll
0x5fc90000 - 0x5fd0d000 	C:\WINDOWS\System32\TextInputFramework.dll
0x66c70000 - 0x66ecd000 	C:\WINDOWS\System32\CoreUIComponents.dll
0x66ed0000 - 0x66f5b000 	C:\WINDOWS\System32\CoreMessaging.dll
0x6f4a0000 - 0x6f4c9000 	C:\WINDOWS\SYSTEM32\ntmarta.dll
0x16e20000 - 0x16ef6000 	C:\WINDOWS\SYSTEM32\wintypes.dll
0x6fe00000 - 0x6fe0f000 	C:\Program Files (x86)\Java\jdk1.8.0_161\jre\bin\prism_common.dll
0x20a10000 - 0x2346f000 	C:\Program Files (x86)\Java\jdk1.8.0_161\jre\bin\jfxwebkit.dll
0x70ba0000 - 0x70bb3000 	C:\WINDOWS\SYSTEM32\CRYPTSP.dll
0x70b70000 - 0x70b9f000 	C:\WINDOWS\system32\rsaenh.dll
0x73890000 - 0x738a9000 	C:\WINDOWS\SYSTEM32\bcrypt.dll
0x70000000 - 0x7000f000 	C:\Program Files (x86)\Java\jdk1.8.0_161\jre\bin\nio.dll
0x70bf0000 - 0x70c10000 	C:\Program Files (x86)\Java\jdk1.8.0_161\jre\bin\sunec.dll
0x73ad0000 - 0x73b00000 	C:\WINDOWS\SYSTEM32\IPHLPAPI.DLL

VM Arguments:
jvm_args: -javaagent:C:\Program Files\JetBrains\IntelliJ IDEA Community Edition 2018.3\lib\idea_rt.jar=50042:C:\Program Files\JetBrains\IntelliJ IDEA Community Edition 2018.3\bin -Dfile.encoding=UTF-8 
java_command: sample.Main
java_class_path (initial): C:\Program Files (x86)\Java\jdk1.8.0_161\jre\lib\charsets.jar;C:\Program Files (x86)\Java\jdk1.8.0_161\jre\lib\deploy.jar;C:\Program Files (x86)\Java\jdk1.8.0_161\jre\lib\ext\access-bridge-32.jar;C:\Program Files (x86)\Java\jdk1.8.0_161\jre\lib\ext\cldrdata.jar;C:\Program Files (x86)\Java\jdk1.8.0_161\jre\lib\ext\dnsns.jar;C:\Program Files (x86)\Java\jdk1.8.0_161\jre\lib\ext\jaccess.jar;C:\Program Files (x86)\Java\jdk1.8.0_161\jre\lib\ext\jfxrt.jar;C:\Program Files (x86)\Java\jdk1.8.0_161\jre\lib\ext\localedata.jar;C:\Program Files (x86)\Java\jdk1.8.0_161\jre\lib\ext\nashorn.jar;C:\Program Files (x86)\Java\jdk1.8.0_161\jre\lib\ext\sunec.jar;C:\Program Files (x86)\Java\jdk1.8.0_161\jre\lib\ext\sunjce_provider.jar;C:\Program Files (x86)\Java\jdk1.8.0_161\jre\lib\ext\sunmscapi.jar;C:\Program Files (x86)\Java\jdk1.8.0_161\jre\lib\ext\sunpkcs11.jar;C:\Program Files (x86)\Java\jdk1.8.0_161\jre\lib\ext\zipfs.jar;C:\Program Files (x86)\Java\jdk1.8.0_161\jre\lib\javaws.jar;C:\Program Files (x86)\Java\jdk1.8.0_161\jre\lib\jce.jar;C:\Program Files (x86)\Java\jdk1.8.0_161\jre\lib\jfr.jar;C:\Program Files (x86)\Java\jdk1.8.0_161\jre\lib\jfxswt.jar;C:\Program Files (x86)\Java\jdk1.8.0_161\jre\lib\jsse.jar;C:\Program Files (x86)\Java\jdk1.8.0_161\jre\lib\management-agent.jar;C:\Program Files (x86)\Java\jdk1.8.0_161\jre\lib\plugin.jar;C:\Program Files (x86)\Java\jdk1.8.0_161\jre\lib\resources.jar;C:\Program Files (x86)\Java\jdk1.8.0_161\jre\lib\rt.jar;D:\Java\TPO2FX\out\production\TPO2FX;C:\Users\jakub\Downloads\java-json.jar\java-json.jar;C:\Users\jakub\Downloads\jsoup-1.11.3.jar;C:\Program Files\JetBrains\IntelliJ IDEA Community Edition 2018.3\lib\idea_rt.jar
Launcher Type: SUN_STANDARD

Environment Variables:
PATH=C:\ProgramData\Oracle\Java\javapath;C:\Program Files (x86)\Intel\iCLS Client\;C:\Program Files\Intel\iCLS Client\;C:\Windows\system32;C:\Windows;C:\Windows\System32\Wbem;C:\Windows\System32\WindowsPowerShell\v1.0\;C:\Program Files (x86)\Intel\Intel(R) Management Engine Components\DAL;C:\Program Files\Intel\Intel(R) Management Engine Components\DAL;C:\Program Files (x86)\Intel\Intel(R) Management Engine Components\IPT;C:\Program Files\Intel\Intel(R) Management Engine Components\IPT;C:\Program Files (x86)\NVIDIA Corporation\PhysX\Common;C:\WINDOWS\system32;C:\WINDOWS;C:\WINDOWS\System32\Wbem;C:\WINDOWS\System32\WindowsPowerShell\v1.0\;c:\Program Files (x86)\Microsoft SQL Server\90\Tools\binn\;C:\WINDOWS\System32\OpenSSH\;C:\Program Files\Intel\WiFi\bin\;C:\Program Files\Common Files\Intel\WirelessCommon\;C:\Program Files (x86)\Java\jdk1.8.0_161\bin;C:\Program Files\Microsoft SQL Server\Client SDK\ODBC\130\Tools\Binn\;C:\Program Files (x86)\Microsoft SQL Server\140\Tools\Binn\;C:\Program Files\Microsoft SQL Server\140\Tools\Binn\;C:\Program Files\Microsoft SQL Server\140\DTS\Binn\;C:\Program Files (x86)\Microsoft SQL Server\Client SDK\ODBC\130\Tools\Binn\;C:\Program Files (x86)\Microsoft SQL Server\140\DTS\Binn\;C:\Program Files (x86)\Microsoft SQL Server\140\Tools\Binn\ManagementStudio\;C:\Program Files\dotnet\;C:\Program Files\Microsoft SQL Server\130\Tools\Binn\;C:\Users\jakub\AppData\Local\Microsoft\WindowsApps;C:\Users\jakub\AppData\Local\Programs\Microsoft VS Code\bin;C:\Users\jakub\AppData\Local\GitHubDesktop\bin;C:\Users\jakub\Downloads\sqldeveloper\jdbc\lib;C:\Program Files (x86)\Java\jdk1.8.0_161\jre\lib\ext;
USERNAME=jakub
OS=Windows_NT
PROCESSOR_IDENTIFIER=Intel64 Family 6 Model 158 Stepping 9, GenuineIntel



---------------  S Y S T E M  ---------------

OS: Windows 10.0 , 64 bit Build 17134 (10.0.17134.648)

CPU:total 4 (initial active 4) (4 cores per cpu, 1 threads per core) family 6 model 158 stepping 9, cmov, cx8, fxsr, mmx, sse, sse2, sse3, ssse3, sse4.1, sse4.2, popcnt, avx, avx2, aes, clmul, erms, 3dnowpref, lzcnt, tsc, tscinvbit, bmi1, bmi2, adx

Memory: 4k page, physical 8247448k(1486372k free), swap 16494896k(6473228k free)

vm_info: Java HotSpot(TM) Client VM (25.161-b12) for windows-x86 JRE (1.8.0_161-b12), built on Dec 19 2017 17:09:29 by "java_re" with MS VC++ 10.0 (VS2010)

time: Wed Apr 03 00:24:23 2019
elapsed time: 5 seconds (0d 0h 0m 5s)

