#
# A fatal error has been detected by the Java Runtime Environment:
#
#  EXCEPTION_ACCESS_VIOLATION (0xc0000005) at pc=0x211ce7c2, pid=18436, tid=0x00003260
#
# JRE version: Java(TM) SE Runtime Environment (8.0_161-b12) (build 1.8.0_161-b12)
# Java VM: Java HotSpot(TM) Client VM (25.161-b12 mixed mode, sharing windows-x86 )
# Problematic frame:
# C  [jfxwebkit.dll+0x7be7c2]
#
# Failed to write core dump. Minidumps are not enabled by default on client versions of Windows
#
# If you would like to submit a bug report, please visit:
#   http://bugreport.java.com/bugreport/crash.jsp
# The crash happened outside the Java Virtual Machine in native code.
# See problematic frame for where to report the bug.
#

---------------  T H R E A D  ---------------

Current thread (0x14df7800):  JavaThread "JavaFX Application Thread" [_thread_in_native, id=12896, stack(0x15600000,0x15650000)]

siginfo: ExceptionCode=0xc0000005, reading address 0x00000000

Registers:
EAX=0x00000002, EBX=0x00000000, ECX=0x00000003, EDX=0x00000000
ESP=0x1564bd50, EBP=0x1564bd5c, ESI=0x00000000, EDI=0x00000003
EIP=0x211ce7c2, EFLAGS=0x00010206

Top of Stack: (sp=0x1564bd50)
0x1564bd50:   00000000 26903e48 26903e45 1564bd6c
0x1564bd60:   211ce98c 00000000 00000003 1564bdb4
0x1564bd70:   211cf29e 00000000 00000003 1564bfcc
0x1564bd80:   1564c04d 00000000 26620c00 00000000
0x1564bd90:   00000000 00000000 26903e45 00000000
0x1564bda0:   26620bf8 00000000 000000be 26903e42
0x1564bdb0:   00000008 1564bde4 211ceaff 1564c04d
0x1564bdc0:   ffffffff 00000000 1564bfcc 1564c418 

Instructions: (pc=0x211ce7c2)
0x211ce7a2:   5d c3 cc cc cc cc cc cc cc cc cc cc cc cc 55 8b
0x211ce7b2:   ec 53 56 57 8b 7d 0c 33 f6 85 ff 7e 24 8b 5d 08
0x211ce7c2:   0f b6 04 1e 50 e8 24 cf fc ff 83 c4 04 84 c0 75
0x211ce7d2:   0b 8a 04 1e 3c 30 7c 10 3c 39 7f 0c 46 3b f7 7c 


Register to memory mapping:

EAX=0x00000002 is an unknown value
EBX=0x00000000 is an unknown value
ECX=0x00000003 is an unknown value
EDX=0x00000000 is an unknown value
ESP=0x1564bd50 is pointing into the stack for thread: 0x14df7800
EBP=0x1564bd5c is pointing into the stack for thread: 0x14df7800
ESI=0x00000000 is an unknown value
EDI=0x00000003 is an unknown value


Stack: [0x15600000,0x15650000],  sp=0x1564bd50,  free space=303k
Native frames: (J=compiled Java code, j=interpreted, Vv=VM code, C=native code)
C  [jfxwebkit.dll+0x7be7c2]
C  [jfxwebkit.dll+0x7be98c]
C  [jfxwebkit.dll+0x7bf29e]
C  [jfxwebkit.dll+0x7beaff]
C  [jfxwebkit.dll+0x79878c]
C  [jfxwebkit.dll+0x799e56]
C  [jfxwebkit.dll+0x7782ac]
C  [jfxwebkit.dll+0x777544]
C  [jfxwebkit.dll+0x768861]
C  [jfxwebkit.dll+0x10730c4]
C  [jfxwebkit.dll+0x1073988]
C  [jfxwebkit.dll+0x1072a35]
C  [jfxwebkit.dll+0x5a9200]
C  [jfxwebkit.dll+0x5a5cd9]
C  [jfxwebkit.dll+0x5aa63b]
C  [jfxwebkit.dll+0x5a9a0a]
C  [jfxwebkit.dll+0x5d30f9]
C  [jfxwebkit.dll+0x5d4f2f]
C  [jfxwebkit.dll+0x4ea7bf]
C  [jfxwebkit.dll+0x4ea48d]
C  [jfxwebkit.dll+0x4e9e64]
C  [jfxwebkit.dll+0x4df419]
C  [jfxwebkit.dll+0x4de763]
C  [jfxwebkit.dll+0x4ce92c]
C  [jfxwebkit.dll+0x4dee01]
C  [jfxwebkit.dll+0x4df33a]
C  [jfxwebkit.dll+0x4de771]
C  [jfxwebkit.dll+0x4ce92c]
C  [jfxwebkit.dll+0x4dee01]
C  [jfxwebkit.dll+0x4df33a]
C  [jfxwebkit.dll+0x4de771]
C  [jfxwebkit.dll+0x4ce92c]
C  [jfxwebkit.dll+0x4dee01]
C  [jfxwebkit.dll+0x4df33a]
C  [jfxwebkit.dll+0x4de771]
C  [jfxwebkit.dll+0x4ce92c]
C  [jfxwebkit.dll+0x4dee01]
C  [jfxwebkit.dll+0x4df33a]
C  [jfxwebkit.dll+0x4de771]
C  [jfxwebkit.dll+0x4ce92c]
C  [jfxwebkit.dll+0x4ceb0a]
C  [jfxwebkit.dll+0x4cebc0]
C  [jfxwebkit.dll+0x4de972]
C  [jfxwebkit.dll+0x4ce92c]
C  [jfxwebkit.dll+0x5bc7c1]
C  [jfxwebkit.dll+0x3becfe]
C  [jfxwebkit.dll+0x180da6]
C  [jfxwebkit.dll+0x5bc385]
C  [jfxwebkit.dll+0x5bc340]
C  [jfxwebkit.dll+0x17a0c2]
C  [jfxwebkit.dll+0x3b08eb]
C  [jfxwebkit.dll+0x3ad7f7]
C  [jfxwebkit.dll+0x3b0487]
C  [jfxwebkit.dll+0x709e85]
j  com.sun.webkit.WebPage.twkProcessMouseEvent(JIIIIIIIZZZZZD)Z+0
j  com.sun.webkit.WebPage.dispatchMouseEvent(Lcom/sun/webkit/event/WCMouseEvent;)Z+142
j  javafx.scene.web.WebView.processMouseEvent(Ljavafx/scene/input/MouseEvent;)V+181
j  javafx.scene.web.WebView.lambda$registerEventHandlers$32(Ljavafx/scene/input/MouseEvent;)V+2
j  javafx.scene.web.WebView$$Lambda$218.handle(Ljavafx/event/Event;)V+8
j  com.sun.javafx.event.CompositeEventHandler$NormalEventHandlerRecord.handleBubblingEvent(Ljavafx/event/Event;)V+5
j  com.sun.javafx.event.CompositeEventHandler.dispatchBubblingEvent(Ljavafx/event/Event;)V+28
j  com.sun.javafx.event.EventHandlerManager.dispatchBubblingEvent(Ljavafx/event/EventType;Ljavafx/event/Event;)Ljavafx/event/Event;+29
j  com.sun.javafx.event.EventHandlerManager.dispatchBubblingEvent(Ljavafx/event/Event;)Ljavafx/event/Event;+8
j  com.sun.javafx.event.CompositeEventDispatcher.dispatchBubblingEvent(Ljavafx/event/Event;)Ljavafx/event/Event;+11
j  com.sun.javafx.event.BasicEventDispatcher.dispatchEvent(Ljavafx/event/Event;Ljavafx/event/EventDispatchChain;)Ljavafx/event/Event;+29
j  com.sun.javafx.event.EventDispatchChainImpl.dispatchEvent(Ljavafx/event/Event;)Ljavafx/event/Event;+69
j  com.sun.javafx.event.BasicEventDispatcher.dispatchEvent(Ljavafx/event/Event;Ljavafx/event/EventDispatchChain;)Ljavafx/event/Event;+17
j  com.sun.javafx.event.EventDispatchChainImpl.dispatchEvent(Ljavafx/event/Event;)Ljavafx/event/Event;+69
j  com.sun.javafx.event.BasicEventDispatcher.dispatchEvent(Ljavafx/event/Event;Ljavafx/event/EventDispatchChain;)Ljavafx/event/Event;+17
j  com.sun.javafx.event.EventDispatchChainImpl.dispatchEvent(Ljavafx/event/Event;)Ljavafx/event/Event;+69
j  com.sun.javafx.event.EventUtil.fireEventImpl(Ljavafx/event/EventDispatchChain;Ljavafx/event/EventTarget;Ljavafx/event/Event;)Ljavafx/event/Event;+10
j  com.sun.javafx.event.EventUtil.fireEvent(Ljavafx/event/EventTarget;Ljavafx/event/Event;)Ljavafx/event/Event;+46
j  javafx.event.Event.fireEvent(Ljavafx/event/EventTarget;Ljavafx/event/Event;)V+30
j  javafx.scene.Scene$MouseHandler.process(Ljavafx/scene/input/MouseEvent;Z)V+491
j  javafx.scene.Scene$MouseHandler.access$1500(Ljavafx/scene/Scene$MouseHandler;Ljavafx/scene/input/MouseEvent;Z)V+3
j  javafx.scene.Scene.impl_processMouseEvent(Ljavafx/scene/input/MouseEvent;)V+6
j  javafx.scene.Scene$ScenePeerListener.mouseEvent(Ljavafx/event/EventType;DDDDLjavafx/scene/input/MouseButton;ZZZZZZZZZ)V+46
j  com.sun.javafx.tk.quantum.GlassViewEventHandler$MouseEventNotification.run()Ljava/lang/Void;+571
j  com.sun.javafx.tk.quantum.GlassViewEventHandler$MouseEventNotification.run()Ljava/lang/Object;+1
v  ~StubRoutines::call_stub
V  [jvm.dll+0x15b6d5]
V  [jvm.dll+0x22229e]
V  [jvm.dll+0x15b76e]
V  [jvm.dll+0x10b83f]
C  [java.dll+0x102f]
j  com.sun.javafx.tk.quantum.GlassViewEventHandler.lambda$handleMouseEvent$353()Ljava/lang/Void;+11
j  com.sun.javafx.tk.quantum.GlassViewEventHandler$$Lambda$181.get()Ljava/lang/Object;+4
j  com.sun.javafx.tk.quantum.QuantumToolkit.runWithoutRenderLock(Ljava/util/function/Supplier;)Ljava/lang/Object;+18
j  com.sun.javafx.tk.quantum.GlassViewEventHandler.handleMouseEvent(Lcom/sun/glass/ui/View;JIIIIIIIZZ)V+103
j  com.sun.glass.ui.View.handleMouseEvent(JIIIIIIIZZ)V+30
j  com.sun.glass.ui.View.notifyMouse(IIIIIIIZZ)V+181
v  ~StubRoutines::call_stub
V  [jvm.dll+0x15b6d5]
V  [jvm.dll+0x22229e]
V  [jvm.dll+0x15b76e]
V  [jvm.dll+0xdd2fb]
V  [jvm.dll+0xe028c]
C  [glass.dll+0x469c]

Java frames: (J=compiled Java code, j=interpreted, Vv=VM code)
j  com.sun.webkit.WebPage.twkProcessMouseEvent(JIIIIIIIZZZZZD)Z+0
j  com.sun.webkit.WebPage.dispatchMouseEvent(Lcom/sun/webkit/event/WCMouseEvent;)Z+142
j  javafx.scene.web.WebView.processMouseEvent(Ljavafx/scene/input/MouseEvent;)V+181
j  javafx.scene.web.WebView.lambda$registerEventHandlers$32(Ljavafx/scene/input/MouseEvent;)V+2
j  javafx.scene.web.WebView$$Lambda$218.handle(Ljavafx/event/Event;)V+8
j  com.sun.javafx.event.CompositeEventHandler$NormalEventHandlerRecord.handleBubblingEvent(Ljavafx/event/Event;)V+5
j  com.sun.javafx.event.CompositeEventHandler.dispatchBubblingEvent(Ljavafx/event/Event;)V+28
j  com.sun.javafx.event.EventHandlerManager.dispatchBubblingEvent(Ljavafx/event/EventType;Ljavafx/event/Event;)Ljavafx/event/Event;+29
j  com.sun.javafx.event.EventHandlerManager.dispatchBubblingEvent(Ljavafx/event/Event;)Ljavafx/event/Event;+8
j  com.sun.javafx.event.CompositeEventDispatcher.dispatchBubblingEvent(Ljavafx/event/Event;)Ljavafx/event/Event;+11
j  com.sun.javafx.event.BasicEventDispatcher.dispatchEvent(Ljavafx/event/Event;Ljavafx/event/EventDispatchChain;)Ljavafx/event/Event;+29
j  com.sun.javafx.event.EventDispatchChainImpl.dispatchEvent(Ljavafx/event/Event;)Ljavafx/event/Event;+69
j  com.sun.javafx.event.BasicEventDispatcher.dispatchEvent(Ljavafx/event/Event;Ljavafx/event/EventDispatchChain;)Ljavafx/event/Event;+17
j  com.sun.javafx.event.EventDispatchChainImpl.dispatchEvent(Ljavafx/event/Event;)Ljavafx/event/Event;+69
j  com.sun.javafx.event.BasicEventDispatcher.dispatchEvent(Ljavafx/event/Event;Ljavafx/event/EventDispatchChain;)Ljavafx/event/Event;+17
j  com.sun.javafx.event.EventDispatchChainImpl.dispatchEvent(Ljavafx/event/Event;)Ljavafx/event/Event;+69
j  com.sun.javafx.event.EventUtil.fireEventImpl(Ljavafx/event/EventDispatchChain;Ljavafx/event/EventTarget;Ljavafx/event/Event;)Ljavafx/event/Event;+10
j  com.sun.javafx.event.EventUtil.fireEvent(Ljavafx/event/EventTarget;Ljavafx/event/Event;)Ljavafx/event/Event;+46
j  javafx.event.Event.fireEvent(Ljavafx/event/EventTarget;Ljavafx/event/Event;)V+30
j  javafx.scene.Scene$MouseHandler.process(Ljavafx/scene/input/MouseEvent;Z)V+491
j  javafx.scene.Scene$MouseHandler.access$1500(Ljavafx/scene/Scene$MouseHandler;Ljavafx/scene/input/MouseEvent;Z)V+3
j  javafx.scene.Scene.impl_processMouseEvent(Ljavafx/scene/input/MouseEvent;)V+6
j  javafx.scene.Scene$ScenePeerListener.mouseEvent(Ljavafx/event/EventType;DDDDLjavafx/scene/input/MouseButton;ZZZZZZZZZ)V+46
j  com.sun.javafx.tk.quantum.GlassViewEventHandler$MouseEventNotification.run()Ljava/lang/Void;+571
j  com.sun.javafx.tk.quantum.GlassViewEventHandler$MouseEventNotification.run()Ljava/lang/Object;+1
v  ~StubRoutines::call_stub
j  java.security.AccessController.doPrivileged(Ljava/security/PrivilegedAction;Ljava/security/AccessControlContext;)Ljava/lang/Object;+0
j  com.sun.javafx.tk.quantum.GlassViewEventHandler.lambda$handleMouseEvent$353()Ljava/lang/Void;+11
j  com.sun.javafx.tk.quantum.GlassViewEventHandler$$Lambda$181.get()Ljava/lang/Object;+4
j  com.sun.javafx.tk.quantum.QuantumToolkit.runWithoutRenderLock(Ljava/util/function/Supplier;)Ljava/lang/Object;+18
j  com.sun.javafx.tk.quantum.GlassViewEventHandler.handleMouseEvent(Lcom/sun/glass/ui/View;JIIIIIIIZZ)V+103
j  com.sun.glass.ui.View.handleMouseEvent(JIIIIIIIZZ)V+30
j  com.sun.glass.ui.View.notifyMouse(IIIIIIIZZ)V+181
v  ~StubRoutines::call_stub
j  com.sun.glass.ui.win.WinApplication._runLoop(Ljava/lang/Runnable;)V+0
j  com.sun.glass.ui.win.WinApplication.lambda$null$147(ILjava/lang/Runnable;)V+8
j  com.sun.glass.ui.win.WinApplication$$Lambda$37.run()V+12
j  java.lang.Thread.run()V+11
v  ~StubRoutines::call_stub

---------------  P R O C E S S  ---------------

Java Threads: ( => current thread )
  0x163eb400 JavaThread "URL-Loader-13" daemon [_thread_blocked, id=19576, stack(0x26cc0000,0x26d10000)]
  0x163f1400 JavaThread "URL-Loader-12" daemon [_thread_blocked, id=15132, stack(0x26c30000,0x26c80000)]
  0x163ee800 JavaThread "URL-Loader-11" daemon [_thread_blocked, id=14276, stack(0x25ba0000,0x25bf0000)]
  0x163d4800 JavaThread "Keep-Alive-Timer" daemon [_thread_blocked, id=13568, stack(0x25a20000,0x25a70000)]
  0x163d4000 JavaThread "URL-Loader-10" daemon [_thread_blocked, id=16424, stack(0x25990000,0x259e0000)]
  0x163d3c00 JavaThread "URL-Loader-9" daemon [_thread_blocked, id=19932, stack(0x25900000,0x25950000)]
  0x163d5000 JavaThread "URL-Loader-8" daemon [_thread_blocked, id=19340, stack(0x25870000,0x258c0000)]
  0x163d5400 JavaThread "URL-Loader-7" daemon [_thread_blocked, id=17604, stack(0x257e0000,0x25830000)]
  0x163d7400 JavaThread "URL-Loader-6" daemon [_thread_blocked, id=11404, stack(0x25750000,0x257a0000)]
  0x163d5c00 JavaThread "URL-Loader-5" daemon [_thread_blocked, id=15944, stack(0x256c0000,0x25710000)]
  0x163d6000 JavaThread "URL-Loader-4" daemon [_thread_blocked, id=19184, stack(0x25630000,0x25680000)]
  0x163d6c00 JavaThread "URL-Loader-3" daemon [_thread_blocked, id=16224, stack(0x255a0000,0x255f0000)]
  0x163d6800 JavaThread "URL-Loader-2" daemon [_thread_blocked, id=19192, stack(0x25510000,0x25560000)]
  0x16252c00 JavaThread "URL-Loader-1" daemon [_thread_blocked, id=20780, stack(0x17aa0000,0x17af0000)]
  0x16065400 JavaThread "Disposer" daemon [_thread_blocked, id=12872, stack(0x17a10000,0x17a60000)]
  0x16125000 JavaThread "Prism Font Disposer" daemon [_thread_blocked, id=5976, stack(0x16e80000,0x16ed0000)]
  0x14e0f000 JavaThread "Thread-3" daemon [_thread_in_native, id=12892, stack(0x15f40000,0x15f90000)]
  0x14e0d000 JavaThread "JavaFX-Launcher" [_thread_blocked, id=12900, stack(0x15fd0000,0x16020000)]
=>0x14df7800 JavaThread "JavaFX Application Thread" [_thread_in_native, id=12896, stack(0x15600000,0x15650000)]
  0x14dd5400 JavaThread "Thread-1" daemon [_thread_blocked, id=13616, stack(0x15540000,0x15590000)]
  0x14dbb000 JavaThread "QuantumRenderer-0" daemon [_thread_blocked, id=10736, stack(0x153b0000,0x15400000)]
  0x14c9c800 JavaThread "Service Thread" daemon [_thread_blocked, id=5100, stack(0x14e60000,0x14eb0000)]
  0x14c75c00 JavaThread "C1 CompilerThread0" daemon [_thread_blocked, id=12836, stack(0x01300000,0x01350000)]
  0x14c6c400 JavaThread "Monitor Ctrl-Break" daemon [_thread_in_native, id=16208, stack(0x01270000,0x012c0000)]
  0x00db1800 JavaThread "Attach Listener" daemon [_thread_blocked, id=13612, stack(0x011e0000,0x01230000)]
  0x00da9000 JavaThread "Signal Dispatcher" daemon [_thread_blocked, id=12820, stack(0x01150000,0x011a0000)]
  0x00da6800 JavaThread "Finalizer" daemon [_thread_blocked, id=21396, stack(0x00fd0000,0x01020000)]
  0x00d49c00 JavaThread "Reference Handler" daemon [_thread_blocked, id=12920, stack(0x00f80000,0x00fd0000)]
  0x002de000 JavaThread "main" [_thread_blocked, id=12880, stack(0x00730000,0x00780000)]

Other Threads:
  0x00d46400 VMThread [stack: 0x00f30000,0x00f80000] [id=12916]
  0x14ca7400 WatcherThread [stack: 0x14ef0000,0x14f40000] [id=5376]

VM state:not at safepoint (normal execution)

VM Mutex/Monitor currently owned by a thread: None

Heap:
 def new generation   total 8256K, used 7624K [0x04800000, 0x050f0000, 0x09d50000)
  eden space 7360K,  91% used [0x04800000, 0x04e921c8, 0x04f30000)
  from space 896K, 100% used [0x05010000, 0x050f0000, 0x050f0000)
  to   space 896K,   0% used [0x04f30000, 0x04f30000, 0x05010000)
 tenured generation   total 18192K, used 11803K [0x09d50000, 0x0af14000, 0x14800000)
   the space 18192K,  64% used [0x09d50000, 0x0a8d6c10, 0x0a8d6e00, 0x0af14000)
 Metaspace       used 9992K, capacity 10613K, committed 10624K, reserved 10624K

Card table byte_map: [0x00ea0000,0x00f30000] byte_map_base: 0x00e7c000

Polling page: 0x00070000

CodeCache: size=32768Kb used=2557Kb max_used=2557Kb free=30210Kb
 bounds [0x027c0000, 0x02a40000, 0x047c0000]
 total_blobs=1617 nmethods=1167 adapters=380
 compilation: enabled

Compilation events (10 events):
Event: 4.306 Thread 0x14c75c00 1180             com.sun.javafx.font.LogicalFont::getLinkedFonts (86 bytes)
Event: 4.306 Thread 0x14c75c00 nmethod 1180 0x02a3e588 code [0x02a3e690, 0x02a3e80c]
Event: 4.306 Thread 0x14c75c00 1181             com.sun.javafx.font.CharToGlyphMapper::getMissingGlyphCode (5 bytes)
Event: 4.306 Thread 0x14c75c00 nmethod 1181 0x02a3e908 code [0x02a3ea00, 0x02a3ea80]
Event: 4.306 Thread 0x14c75c00 1182             com.sun.javafx.font.LogicalFont::getNumSlots (31 bytes)
Event: 4.306 Thread 0x14c75c00 nmethod 1182 0x02a3eac8 code [0x02a3ebd0, 0x02a3ec8c]
Event: 4.306 Thread 0x14c75c00 1183             com.sun.javafx.font.CompositeGlyphMapper::getSlotMapper (78 bytes)
Event: 4.306 Thread 0x14c75c00 nmethod 1183 0x02a3ed48 code [0x02a3ee90, 0x02a3f130]
Event: 4.306 Thread 0x14c75c00 1184             com.sun.javafx.font.CompositeGlyphMapper::convertToGlyph (96 bytes)
Event: 4.307 Thread 0x14c75c00 nmethod 1184 0x02a3f388 code [0x02a3f500, 0x02a3f928]

GC Heap History (10 events):
Event: 3.920 GC heap before
{Heap before GC invocations=47 (full 1):
 def new generation   total 8256K, used 7428K [0x04800000, 0x050f0000, 0x09d50000)
  eden space 7360K,  98% used [0x04800000, 0x04f140e0, 0x04f30000)
  from space 896K,  20% used [0x04f30000, 0x04f5d318, 0x05010000)
  to   space 896K,   0% used [0x05010000, 0x05010000, 0x050f0000)
 tenured generation   total 18192K, used 10913K [0x09d50000, 0x0af14000, 0x14800000)
   the space 18192K,  59% used [0x09d50000, 0x0a7f8418, 0x0a7f8600, 0x0af14000)
 Metaspace       used 9770K, capacity 10386K, committed 10496K, reserved 10624K
Event: 3.920 GC heap after
Heap after GC invocations=48 (full 1):
 def new generation   total 8256K, used 183K [0x04800000, 0x050f0000, 0x09d50000)
  eden space 7360K,   0% used [0x04800000, 0x04800000, 0x04f30000)
  from space 896K,  20% used [0x05010000, 0x0503de10, 0x050f0000)
  to   space 896K,   0% used [0x04f30000, 0x04f30000, 0x05010000)
 tenured generation   total 18192K, used 10913K [0x09d50000, 0x0af14000, 0x14800000)
   the space 18192K,  59% used [0x09d50000, 0x0a7f8418, 0x0a7f8600, 0x0af14000)
 Metaspace       used 9770K, capacity 10386K, committed 10496K, reserved 10624K
}
Event: 3.922 GC heap before
{Heap before GC invocations=48 (full 1):
 def new generation   total 8256K, used 7538K [0x04800000, 0x050f0000, 0x09d50000)
  eden space 7360K,  99% used [0x04800000, 0x04f2ec98, 0x04f30000)
  from space 896K,  20% used [0x05010000, 0x0503de10, 0x050f0000)
  to   space 896K,   0% used [0x04f30000, 0x04f30000, 0x05010000)
 tenured generation   total 18192K, used 10913K [0x09d50000, 0x0af14000, 0x14800000)
   the space 18192K,  59% used [0x09d50000, 0x0a7f8418, 0x0a7f8600, 0x0af14000)
 Metaspace       used 9770K, capacity 10386K, committed 10496K, reserved 10624K
Event: 3.923 GC heap after
Heap after GC invocations=49 (full 1):
 def new generation   total 8256K, used 186K [0x04800000, 0x050f0000, 0x09d50000)
  eden space 7360K,   0% used [0x04800000, 0x04800000, 0x04f30000)
  from space 896K,  20% used [0x04f30000, 0x04f5e908, 0x05010000)
  to   space 896K,   0% used [0x05010000, 0x05010000, 0x050f0000)
 tenured generation   total 18192K, used 10913K [0x09d50000, 0x0af14000, 0x14800000)
   the space 18192K,  59% used [0x09d50000, 0x0a7f8418, 0x0a7f8600, 0x0af14000)
 Metaspace       used 9770K, capacity 10386K, committed 10496K, reserved 10624K
}
Event: 3.925 GC heap before
{Heap before GC invocations=49 (full 1):
 def new generation   total 8256K, used 7459K [0x04800000, 0x050f0000, 0x09d50000)
  eden space 7360K,  98% used [0x04800000, 0x04f1a4e8, 0x04f30000)
  from space 896K,  20% used [0x04f30000, 0x04f5e908, 0x05010000)
  to   space 896K,   0% used [0x05010000, 0x05010000, 0x050f0000)
 tenured generation   total 18192K, used 10913K [0x09d50000, 0x0af14000, 0x14800000)
   the space 18192K,  59% used [0x09d50000, 0x0a7f8418, 0x0a7f8600, 0x0af14000)
 Metaspace       used 9770K, capacity 10386K, committed 10496K, reserved 10624K
Event: 3.925 GC heap after
Heap after GC invocations=50 (full 1):
 def new generation   total 8256K, used 188K [0x04800000, 0x050f0000, 0x09d50000)
  eden space 7360K,   0% used [0x04800000, 0x04800000, 0x04f30000)
  from space 896K,  21% used [0x05010000, 0x0503f3b8, 0x050f0000)
  to   space 896K,   0% used [0x04f30000, 0x04f30000, 0x05010000)
 tenured generation   total 18192K, used 10913K [0x09d50000, 0x0af14000, 0x14800000)
   the space 18192K,  59% used [0x09d50000, 0x0a7f8418, 0x0a7f8600, 0x0af14000)
 Metaspace       used 9770K, capacity 10386K, committed 10496K, reserved 10624K
}
Event: 3.952 GC heap before
{Heap before GC invocations=50 (full 1):
 def new generation   total 8256K, used 7548K [0x04800000, 0x050f0000, 0x09d50000)
  eden space 7360K, 100% used [0x04800000, 0x04f30000, 0x04f30000)
  from space 896K,  21% used [0x05010000, 0x0503f3b8, 0x050f0000)
  to   space 896K,   0% used [0x04f30000, 0x04f30000, 0x05010000)
 tenured generation   total 18192K, used 10913K [0x09d50000, 0x0af14000, 0x14800000)
   the space 18192K,  59% used [0x09d50000, 0x0a7f8418, 0x0a7f8600, 0x0af14000)
 Metaspace       used 9783K, capacity 10386K, committed 10496K, reserved 10624K
Event: 3.953 GC heap after
Heap after GC invocations=51 (full 1):
 def new generation   total 8256K, used 394K [0x04800000, 0x050f0000, 0x09d50000)
  eden space 7360K,   0% used [0x04800000, 0x04800000, 0x04f30000)
  from space 896K,  44% used [0x04f30000, 0x04f92ad0, 0x05010000)
  to   space 896K,   0% used [0x05010000, 0x05010000, 0x050f0000)
 tenured generation   total 18192K, used 10913K [0x09d50000, 0x0af14000, 0x14800000)
   the space 18192K,  59% used [0x09d50000, 0x0a7f8418, 0x0a7f8600, 0x0af14000)
 Metaspace       used 9783K, capacity 10386K, committed 10496K, reserved 10624K
}
Event: 4.069 GC heap before
{Heap before GC invocations=51 (full 1):
 def new generation   total 8256K, used 7754K [0x04800000, 0x050f0000, 0x09d50000)
  eden space 7360K, 100% used [0x04800000, 0x04f30000, 0x04f30000)
  from space 896K,  44% used [0x04f30000, 0x04f92ad0, 0x05010000)
  to   space 896K,   0% used [0x05010000, 0x05010000, 0x050f0000)
 tenured generation   total 18192K, used 10913K [0x09d50000, 0x0af14000, 0x14800000)
   the space 18192K,  59% used [0x09d50000, 0x0a7f8418, 0x0a7f8600, 0x0af14000)
 Metaspace       used 9880K, capacity 10502K, committed 10624K, reserved 10624K
Event: 4.073 GC heap after
Heap after GC invocations=52 (full 1):
 def new generation   total 8256K, used 896K [0x04800000, 0x050f0000, 0x09d50000)
  eden space 7360K,   0% used [0x04800000, 0x04800000, 0x04f30000)
  from space 896K, 100% used [0x05010000, 0x050f0000, 0x050f0000)
  to   space 896K,   0% used [0x04f30000, 0x04f30000, 0x05010000)
 tenured generation   total 18192K, used 11803K [0x09d50000, 0x0af14000, 0x14800000)
   the space 18192K,  64% used [0x09d50000, 0x0a8d6c10, 0x0a8d6e00, 0x0af14000)
 Metaspace       used 9880K, capacity 10502K, committed 10624K, reserved 10624K
}

Deoptimization events (0 events):
No events

Classes redefined (0 events):
No events

Internal exceptions (10 events):
Event: 0.508 Thread 0x14df7800 Exception <a 'java/lang/ArrayIndexOutOfBoundsException': 86> (0x04946178) thrown at [C:\re\workspace\8-2-build-windows-i586-cygwin\jdk8u161\10277\hotspot\src\share\vm\interpreter\interpreterRuntime.cpp, line 366]
Event: 0.559 Thread 0x14df7800 Exception <a 'java/lang/ArrayIndexOutOfBoundsException'> (0x04a5f970) thrown at [C:\re\workspace\8-2-build-windows-i586-cygwin\jdk8u161\10277\hotspot\src\share\vm\runtime\sharedRuntime.cpp, line 605]
Event: 0.560 Thread 0x14df7800 Exception <a 'java/lang/ArrayIndexOutOfBoundsException'> (0x04a6d458) thrown at [C:\re\workspace\8-2-build-windows-i586-cygwin\jdk8u161\10277\hotspot\src\share\vm\runtime\sharedRuntime.cpp, line 605]
Event: 2.861 Thread 0x14df7800 Exception <a 'sun/nio/fs/WindowsException'> (0x049223c0) thrown at [C:\re\workspace\8-2-build-windows-i586-cygwin\jdk8u161\10277\hotspot\src\share\vm\prims\jni.cpp, line 709]
Event: 2.863 Thread 0x14df7800 Exception <a 'sun/nio/fs/WindowsException'> (0x04929578) thrown at [C:\re\workspace\8-2-build-windows-i586-cygwin\jdk8u161\10277\hotspot\src\share\vm\prims\jni.cpp, line 709]
Event: 3.959 Thread 0x16252c00 Implicit null exception at 0x02a04ccc to 0x02a05b70
Event: 4.267 Thread 0x14df7800 Exception <a 'java/io/FileNotFoundException'> (0x04c78fb0) thrown at [C:\re\workspace\8-2-build-windows-i586-cygwin\jdk8u161\10277\hotspot\src\share\vm\prims\jni.cpp, line 709]
Event: 4.267 Thread 0x14df7800 Exception <a 'java/io/FileNotFoundException'> (0x04ca8108) thrown at [C:\re\workspace\8-2-build-windows-i586-cygwin\jdk8u161\10277\hotspot\src\share\vm\prims\jni.cpp, line 709]
Event: 4.268 Thread 0x14df7800 Exception <a 'java/io/FileNotFoundException'> (0x04cad938) thrown at [C:\re\workspace\8-2-build-windows-i586-cygwin\jdk8u161\10277\hotspot\src\share\vm\prims\jni.cpp, line 709]
Event: 4.268 Thread 0x14df7800 Exception <a 'java/io/FileNotFoundException'> (0x04caeaf8) thrown at [C:\re\workspace\8-2-build-windows-i586-cygwin\jdk8u161\10277\hotspot\src\share\vm\prims\jni.cpp, line 709]

Events (10 events):
Event: 4.255 loading class com/sun/javafx/font/directwrite/IDWriteTextLayout
Event: 4.255 loading class com/sun/javafx/font/directwrite/IDWriteTextLayout done
Event: 4.255 loading class com/sun/javafx/font/directwrite/JFXTextRenderer
Event: 4.255 loading class com/sun/javafx/font/directwrite/JFXTextRenderer done
Event: 4.259 loading class com/sun/javafx/font/directwrite/IDWriteLocalizedStrings
Event: 4.259 loading class com/sun/javafx/font/directwrite/IDWriteLocalizedStrings done
Event: 4.325 Thread 0x163ee000 Thread added: 0x163ee000
Event: 4.325 Executing VM operation: RevokeBias
Event: 4.325 Executing VM operation: RevokeBias done
Event: 4.325 Thread 0x163ee000 Thread exited: 0x163ee000


Dynamic libraries:
0x01370000 - 0x013a3000 	C:\Program Files (x86)\Java\jdk1.8.0_161\bin\java.exe
0x776c0000 - 0x77850000 	C:\WINDOWS\SYSTEM32\ntdll.dll
0x763c0000 - 0x764a0000 	C:\WINDOWS\System32\KERNEL32.DLL
0x6d810000 - 0x6d820000 	C:\Program Files\AVAST Software\Avast\x86\aswhook.dll
0x773e0000 - 0x775c4000 	C:\WINDOWS\System32\KERNELBASE.dll
0x6cee0000 - 0x6cf7d000 	C:\WINDOWS\SYSTEM32\apphelp.dll
0x758b0000 - 0x75928000 	C:\WINDOWS\System32\ADVAPI32.dll
0x753d0000 - 0x7548f000 	C:\WINDOWS\System32\msvcrt.dll
0x76370000 - 0x763b4000 	C:\WINDOWS\System32\sechost.dll
0x76140000 - 0x76200000 	C:\WINDOWS\System32\RPCRT4.dll
0x73f80000 - 0x73fa0000 	C:\WINDOWS\System32\SspiCli.dll
0x73f70000 - 0x73f7a000 	C:\WINDOWS\System32\CRYPTBASE.dll
0x76da0000 - 0x76df8000 	C:\WINDOWS\System32\bcryptPrimitives.dll
0x764a0000 - 0x7662d000 	C:\WINDOWS\System32\USER32.dll
0x771d0000 - 0x771e7000 	C:\WINDOWS\System32\win32u.dll
0x75700000 - 0x75722000 	C:\WINDOWS\System32\GDI32.dll
0x76c30000 - 0x76d94000 	C:\WINDOWS\System32\gdi32full.dll
0x76200000 - 0x7627d000 	C:\WINDOWS\System32\msvcp_win.dll
0x75790000 - 0x758ad000 	C:\WINDOWS\System32\ucrtbase.dll
0x6bbe0000 - 0x6bde4000 	C:\WINDOWS\WinSxS\x86_microsoft.windows.common-controls_6595b64144ccf1df_6.0.17134.648_none_42f2d7c044decfd8\COMCTL32.dll
0x76f70000 - 0x771cc000 	C:\WINDOWS\System32\combase.dll
0x75650000 - 0x75676000 	C:\WINDOWS\System32\IMM32.DLL
0x77da0000 - 0x77e5d000 	C:\Program Files (x86)\Java\jdk1.8.0_161\jre\bin\msvcr100.dll
0x6d200000 - 0x6d5d0000 	C:\Program Files (x86)\Java\jdk1.8.0_161\jre\bin\client\jvm.dll
0x77380000 - 0x77386000 	C:\WINDOWS\System32\PSAPI.DLL
0x708a0000 - 0x708a8000 	C:\WINDOWS\SYSTEM32\WSOCK32.dll
0x75490000 - 0x754f7000 	C:\WINDOWS\System32\WS2_32.dll
0x73610000 - 0x73634000 	C:\WINDOWS\SYSTEM32\WINMM.dll
0x73a00000 - 0x73a08000 	C:\WINDOWS\SYSTEM32\VERSION.dll
0x73460000 - 0x73483000 	C:\WINDOWS\SYSTEM32\WINMMBASE.dll
0x76bf0000 - 0x76c29000 	C:\WINDOWS\System32\cfgmgr32.dll
0x705f0000 - 0x705fc000 	C:\Program Files (x86)\Java\jdk1.8.0_161\jre\bin\verify.dll
0x6d8f0000 - 0x6d912000 	C:\Program Files (x86)\Java\jdk1.8.0_161\jre\bin\java.dll
0x6d050000 - 0x6d070000 	C:\Program Files (x86)\Java\jdk1.8.0_161\jre\bin\instrument.dll
0x703f0000 - 0x70404000 	C:\Program Files (x86)\Java\jdk1.8.0_161\jre\bin\zip.dll
0x74080000 - 0x753ca000 	C:\WINDOWS\System32\SHELL32.dll
0x76290000 - 0x76318000 	C:\WINDOWS\System32\shcore.dll
0x76630000 - 0x76bea000 	C:\WINDOWS\System32\windows.storage.dll
0x77390000 - 0x773d5000 	C:\WINDOWS\System32\shlwapi.dll
0x75f60000 - 0x75f6f000 	C:\WINDOWS\System32\kernel.appcore.dll
0x75f70000 - 0x75f88000 	C:\WINDOWS\System32\profapi.dll
0x73fa0000 - 0x73fe5000 	C:\WINDOWS\System32\powrprof.dll
0x75e50000 - 0x75e58000 	C:\WINDOWS\System32\FLTLIB.DLL
0x00350000 - 0x00366000 	C:\Program Files\JetBrains\IntelliJ IDEA Community Edition 2018.3\bin\breakgen.dll
0x6ffc0000 - 0x6ffd5000 	C:\Program Files (x86)\Java\jdk1.8.0_161\jre\bin\net.dll
0x712f0000 - 0x71346000 	C:\WINDOWS\system32\mswsock.dll
0x007c0000 - 0x007c3000 	C:\Program Files (x86)\Java\jdk1.8.0_161\jre\bin\api-ms-win-core-console-l1-1-0.dll
0x007d0000 - 0x007d3000 	C:\Program Files (x86)\Java\jdk1.8.0_161\jre\bin\api-ms-win-core-datetime-l1-1-0.dll
0x01350000 - 0x01353000 	C:\Program Files (x86)\Java\jdk1.8.0_161\jre\bin\api-ms-win-core-debug-l1-1-0.dll
0x01360000 - 0x01363000 	C:\Program Files (x86)\Java\jdk1.8.0_161\jre\bin\api-ms-win-core-errorhandling-l1-1-0.dll
0x14f40000 - 0x14f44000 	C:\Program Files (x86)\Java\jdk1.8.0_161\jre\bin\api-ms-win-core-file-l1-1-0.dll
0x14f50000 - 0x14f53000 	C:\Program Files (x86)\Java\jdk1.8.0_161\jre\bin\api-ms-win-core-file-l1-2-0.dll
0x14f60000 - 0x14f63000 	C:\Program Files (x86)\Java\jdk1.8.0_161\jre\bin\api-ms-win-core-file-l2-1-0.dll
0x14f70000 - 0x14f73000 	C:\Program Files (x86)\Java\jdk1.8.0_161\jre\bin\api-ms-win-core-handle-l1-1-0.dll
0x14f80000 - 0x14f83000 	C:\Program Files (x86)\Java\jdk1.8.0_161\jre\bin\api-ms-win-core-heap-l1-1-0.dll
0x14f90000 - 0x14f93000 	C:\Program Files (x86)\Java\jdk1.8.0_161\jre\bin\api-ms-win-core-interlocked-l1-1-0.dll
0x14fa0000 - 0x14fa3000 	C:\Program Files (x86)\Java\jdk1.8.0_161\jre\bin\api-ms-win-core-libraryloader-l1-1-0.dll
0x14fb0000 - 0x14fb3000 	C:\Program Files (x86)\Java\jdk1.8.0_161\jre\bin\api-ms-win-core-localization-l1-2-0.dll
0x14fc0000 - 0x14fc3000 	C:\Program Files (x86)\Java\jdk1.8.0_161\jre\bin\api-ms-win-core-memory-l1-1-0.dll
0x14fd0000 - 0x14fd3000 	C:\Program Files (x86)\Java\jdk1.8.0_161\jre\bin\api-ms-win-core-namedpipe-l1-1-0.dll
0x14fe0000 - 0x14fe3000 	C:\Program Files (x86)\Java\jdk1.8.0_161\jre\bin\api-ms-win-core-processenvironment-l1-1-0.dll
0x14ff0000 - 0x14ff3000 	C:\Program Files (x86)\Java\jdk1.8.0_161\jre\bin\api-ms-win-core-processthreads-l1-1-0.dll
0x15000000 - 0x15003000 	C:\Program Files (x86)\Java\jdk1.8.0_161\jre\bin\api-ms-win-core-processthreads-l1-1-1.dll
0x15010000 - 0x15013000 	C:\Program Files (x86)\Java\jdk1.8.0_161\jre\bin\api-ms-win-core-profile-l1-1-0.dll
0x15020000 - 0x15023000 	C:\Program Files (x86)\Java\jdk1.8.0_161\jre\bin\api-ms-win-core-rtlsupport-l1-1-0.dll
0x15030000 - 0x15033000 	C:\Program Files (x86)\Java\jdk1.8.0_161\jre\bin\api-ms-win-core-string-l1-1-0.dll
0x15040000 - 0x15043000 	C:\Program Files (x86)\Java\jdk1.8.0_161\jre\bin\api-ms-win-core-synch-l1-1-0.dll
0x15050000 - 0x15053000 	C:\Program Files (x86)\Java\jdk1.8.0_161\jre\bin\api-ms-win-core-synch-l1-2-0.dll
0x15060000 - 0x15063000 	C:\Program Files (x86)\Java\jdk1.8.0_161\jre\bin\api-ms-win-core-sysinfo-l1-1-0.dll
0x15070000 - 0x15073000 	C:\Program Files (x86)\Java\jdk1.8.0_161\jre\bin\api-ms-win-core-timezone-l1-1-0.dll
0x15080000 - 0x15083000 	C:\Program Files (x86)\Java\jdk1.8.0_161\jre\bin\api-ms-win-core-util-l1-1-0.dll
0x15090000 - 0x15093000 	C:\Program Files (x86)\Java\jdk1.8.0_161\jre\bin\api-ms-win-crt-conio-l1-1-0.dll
0x150a0000 - 0x150a4000 	C:\Program Files (x86)\Java\jdk1.8.0_161\jre\bin\api-ms-win-crt-convert-l1-1-0.dll
0x150b0000 - 0x150b3000 	C:\Program Files (x86)\Java\jdk1.8.0_161\jre\bin\api-ms-win-crt-environment-l1-1-0.dll
0x150c0000 - 0x150c3000 	C:\Program Files (x86)\Java\jdk1.8.0_161\jre\bin\api-ms-win-crt-filesystem-l1-1-0.dll
0x150d0000 - 0x150d3000 	C:\Program Files (x86)\Java\jdk1.8.0_161\jre\bin\api-ms-win-crt-heap-l1-1-0.dll
0x150e0000 - 0x150e3000 	C:\Program Files (x86)\Java\jdk1.8.0_161\jre\bin\api-ms-win-crt-locale-l1-1-0.dll
0x150f0000 - 0x150f5000 	C:\Program Files (x86)\Java\jdk1.8.0_161\jre\bin\api-ms-win-crt-math-l1-1-0.dll
0x15100000 - 0x15105000 	C:\Program Files (x86)\Java\jdk1.8.0_161\jre\bin\api-ms-win-crt-multibyte-l1-1-0.dll
0x15110000 - 0x15120000 	C:\Program Files (x86)\Java\jdk1.8.0_161\jre\bin\api-ms-win-crt-private-l1-1-0.dll
0x15120000 - 0x15123000 	C:\Program Files (x86)\Java\jdk1.8.0_161\jre\bin\api-ms-win-crt-process-l1-1-0.dll
0x15130000 - 0x15134000 	C:\Program Files (x86)\Java\jdk1.8.0_161\jre\bin\api-ms-win-crt-runtime-l1-1-0.dll
0x15140000 - 0x15144000 	C:\Program Files (x86)\Java\jdk1.8.0_161\jre\bin\api-ms-win-crt-stdio-l1-1-0.dll
0x15150000 - 0x15154000 	C:\Program Files (x86)\Java\jdk1.8.0_161\jre\bin\api-ms-win-crt-string-l1-1-0.dll
0x15160000 - 0x15163000 	C:\Program Files (x86)\Java\jdk1.8.0_161\jre\bin\api-ms-win-crt-time-l1-1-0.dll
0x15170000 - 0x15173000 	C:\Program Files (x86)\Java\jdk1.8.0_161\jre\bin\api-ms-win-crt-utility-l1-1-0.dll
0x15180000 - 0x15298000 	C:\Program Files (x86)\Java\jdk1.8.0_161\jre\bin\ucrtbase.dll
0x152a0000 - 0x152db000 	C:\Program Files (x86)\Java\jdk1.8.0_161\jre\bin\concrt140.dll
0x726f0000 - 0x72761000 	C:\WINDOWS\SYSTEM32\MSVCP140.dll
0x72270000 - 0x72285000 	C:\WINDOWS\SYSTEM32\VCRUNTIME140.dll
0x152e0000 - 0x152f4000 	C:\Program Files (x86)\Java\jdk1.8.0_161\jre\bin\vcruntime140.dll
0x15300000 - 0x1536c000 	C:\Program Files (x86)\Java\jdk1.8.0_161\jre\bin\msvcp140.dll
0x6fdc0000 - 0x6fddf000 	C:\Program Files (x86)\Java\jdk1.8.0_161\jre\bin\prism_d3d.dll
0x5ff10000 - 0x6007f000 	C:\WINDOWS\system32\d3d9.dll
0x71350000 - 0x71373000 	C:\WINDOWS\SYSTEM32\dwmapi.dll
0x71380000 - 0x713fc000 	C:\WINDOWS\system32\uxtheme.dll
0x59d80000 - 0x5d8ed000 	C:\WINDOWS\System32\DriverStore\FileRepository\ki125183.inf_amd64_cb49708b33bad074\igdumdim32.dll
0x75930000 - 0x75d5b000 	C:\WINDOWS\System32\SETUPAPI.dll
0x75e60000 - 0x75f5c000 	C:\WINDOWS\System32\ole32.dll
0x771f0000 - 0x77286000 	C:\WINDOWS\System32\OLEAUT32.dll
0x6cac0000 - 0x6caf8000 	C:\Program Files (x86)\Java\jdk1.8.0_161\jre\bin\glass.dll
0x77290000 - 0x77366000 	C:\WINDOWS\System32\COMDLG32.dll
0x75500000 - 0x75643000 	C:\WINDOWS\System32\MSCTF.dll
0x58ad0000 - 0x59d78000 	C:\WINDOWS\System32\DriverStore\FileRepository\ki125183.inf_amd64_cb49708b33bad074\igc32.dll
0x6d6d0000 - 0x6d6e0000 	C:\Program Files (x86)\Java\jdk1.8.0_161\jre\bin\javafx_font.dll
0x66310000 - 0x66598000 	C:\WINDOWS\SYSTEM32\dwrite.dll
0x75d60000 - 0x75de3000 	C:\WINDOWS\System32\clbcatq.dll
0x5ecc0000 - 0x5ee31000 	C:\WINDOWS\SYSTEM32\WindowsCodecs.dll
0x669e0000 - 0x66a2f000 	C:\WINDOWS\system32\dataexchange.dll
0x66780000 - 0x669d2000 	C:\WINDOWS\system32\d3d11.dll
0x66640000 - 0x6677c000 	C:\WINDOWS\system32\dcomp.dll
0x665a0000 - 0x66638000 	C:\WINDOWS\system32\dxgi.dll
0x69890000 - 0x699f5000 	C:\WINDOWS\system32\twinapi.appcore.dll
0x16a60000 - 0x16a81000 	C:\WINDOWS\system32\RMCLIENT.dll
0x16b10000 - 0x16b35000 	C:\Program Files (x86)\Common Files\Microsoft Shared\Ink\rtscom.dll
0x5fc90000 - 0x5fd0d000 	C:\WINDOWS\System32\TextInputFramework.dll
0x66c70000 - 0x66ecd000 	C:\WINDOWS\System32\CoreUIComponents.dll
0x66ed0000 - 0x66f5b000 	C:\WINDOWS\System32\CoreMessaging.dll
0x6f4a0000 - 0x6f4c9000 	C:\WINDOWS\SYSTEM32\ntmarta.dll
0x16c70000 - 0x16d46000 	C:\WINDOWS\SYSTEM32\wintypes.dll
0x6fe70000 - 0x6fe7f000 	C:\Program Files (x86)\Java\jdk1.8.0_161\jre\bin\prism_common.dll
0x20a10000 - 0x2346f000 	C:\Program Files (x86)\Java\jdk1.8.0_161\jre\bin\jfxwebkit.dll
0x70ba0000 - 0x70bb3000 	C:\WINDOWS\SYSTEM32\CRYPTSP.dll
0x70b70000 - 0x70b9f000 	C:\WINDOWS\system32\rsaenh.dll
0x73890000 - 0x738a9000 	C:\WINDOWS\SYSTEM32\bcrypt.dll
0x70000000 - 0x7000f000 	C:\Program Files (x86)\Java\jdk1.8.0_161\jre\bin\nio.dll
0x70650000 - 0x70670000 	C:\Program Files (x86)\Java\jdk1.8.0_161\jre\bin\sunec.dll
0x73ad0000 - 0x73b00000 	C:\WINDOWS\SYSTEM32\IPHLPAPI.DLL

VM Arguments:
jvm_args: -javaagent:C:\Program Files\JetBrains\IntelliJ IDEA Community Edition 2018.3\lib\idea_rt.jar=50103:C:\Program Files\JetBrains\IntelliJ IDEA Community Edition 2018.3\bin -Dfile.encoding=UTF-8 
java_command: sample.Main
java_class_path (initial): C:\Program Files (x86)\Java\jdk1.8.0_161\jre\lib\charsets.jar;C:\Program Files (x86)\Java\jdk1.8.0_161\jre\lib\deploy.jar;C:\Program Files (x86)\Java\jdk1.8.0_161\jre\lib\ext\access-bridge-32.jar;C:\Program Files (x86)\Java\jdk1.8.0_161\jre\lib\ext\cldrdata.jar;C:\Program Files (x86)\Java\jdk1.8.0_161\jre\lib\ext\dnsns.jar;C:\Program Files (x86)\Java\jdk1.8.0_161\jre\lib\ext\jaccess.jar;C:\Program Files (x86)\Java\jdk1.8.0_161\jre\lib\ext\jfxrt.jar;C:\Program Files (x86)\Java\jdk1.8.0_161\jre\lib\ext\localedata.jar;C:\Program Files (x86)\Java\jdk1.8.0_161\jre\lib\ext\nashorn.jar;C:\Program Files (x86)\Java\jdk1.8.0_161\jre\lib\ext\sunec.jar;C:\Program Files (x86)\Java\jdk1.8.0_161\jre\lib\ext\sunjce_provider.jar;C:\Program Files (x86)\Java\jdk1.8.0_161\jre\lib\ext\sunmscapi.jar;C:\Program Files (x86)\Java\jdk1.8.0_161\jre\lib\ext\sunpkcs11.jar;C:\Program Files (x86)\Java\jdk1.8.0_161\jre\lib\ext\zipfs.jar;C:\Program Files (x86)\Java\jdk1.8.0_161\jre\lib\javaws.jar;C:\Program Files (x86)\Java\jdk1.8.0_161\jre\lib\jce.jar;C:\Program Files (x86)\Java\jdk1.8.0_161\jre\lib\jfr.jar;C:\Program Files (x86)\Java\jdk1.8.0_161\jre\lib\jfxswt.jar;C:\Program Files (x86)\Java\jdk1.8.0_161\jre\lib\jsse.jar;C:\Program Files (x86)\Java\jdk1.8.0_161\jre\lib\management-agent.jar;C:\Program Files (x86)\Java\jdk1.8.0_161\jre\lib\plugin.jar;C:\Program Files (x86)\Java\jdk1.8.0_161\jre\lib\resources.jar;C:\Program Files (x86)\Java\jdk1.8.0_161\jre\lib\rt.jar;D:\Java\TPO2FX\out\production\TPO2FX;C:\Users\jakub\Downloads\java-json.jar\java-json.jar;C:\Users\jakub\Downloads\jsoup-1.11.3.jar;C:\Program Files\JetBrains\IntelliJ IDEA Community Edition 2018.3\lib\idea_rt.jar
Launcher Type: SUN_STANDARD

Environment Variables:
PATH=C:\ProgramData\Oracle\Java\javapath;C:\Program Files (x86)\Intel\iCLS Client\;C:\Program Files\Intel\iCLS Client\;C:\Windows\system32;C:\Windows;C:\Windows\System32\Wbem;C:\Windows\System32\WindowsPowerShell\v1.0\;C:\Program Files (x86)\Intel\Intel(R) Management Engine Components\DAL;C:\Program Files\Intel\Intel(R) Management Engine Components\DAL;C:\Program Files (x86)\Intel\Intel(R) Management Engine Components\IPT;C:\Program Files\Intel\Intel(R) Management Engine Components\IPT;C:\Program Files (x86)\NVIDIA Corporation\PhysX\Common;C:\WINDOWS\system32;C:\WINDOWS;C:\WINDOWS\System32\Wbem;C:\WINDOWS\System32\WindowsPowerShell\v1.0\;c:\Program Files (x86)\Microsoft SQL Server\90\Tools\binn\;C:\WINDOWS\System32\OpenSSH\;C:\Program Files\Intel\WiFi\bin\;C:\Program Files\Common Files\Intel\WirelessCommon\;C:\Program Files (x86)\Java\jdk1.8.0_161\bin;C:\Program Files\Microsoft SQL Server\Client SDK\ODBC\130\Tools\Binn\;C:\Program Files (x86)\Microsoft SQL Server\140\Tools\Binn\;C:\Program Files\Microsoft SQL Server\140\Tools\Binn\;C:\Program Files\Microsoft SQL Server\140\DTS\Binn\;C:\Program Files (x86)\Microsoft SQL Server\Client SDK\ODBC\130\Tools\Binn\;C:\Program Files (x86)\Microsoft SQL Server\140\DTS\Binn\;C:\Program Files (x86)\Microsoft SQL Server\140\Tools\Binn\ManagementStudio\;C:\Program Files\dotnet\;C:\Program Files\Microsoft SQL Server\130\Tools\Binn\;C:\Users\jakub\AppData\Local\Microsoft\WindowsApps;C:\Users\jakub\AppData\Local\Programs\Microsoft VS Code\bin;C:\Users\jakub\AppData\Local\GitHubDesktop\bin;C:\Users\jakub\Downloads\sqldeveloper\jdbc\lib;C:\Program Files (x86)\Java\jdk1.8.0_161\jre\lib\ext;
USERNAME=jakub
OS=Windows_NT
PROCESSOR_IDENTIFIER=Intel64 Family 6 Model 158 Stepping 9, GenuineIntel



---------------  S Y S T E M  ---------------

OS: Windows 10.0 , 64 bit Build 17134 (10.0.17134.648)

CPU:total 4 (initial active 4) (4 cores per cpu, 1 threads per core) family 6 model 158 stepping 9, cmov, cx8, fxsr, mmx, sse, sse2, sse3, ssse3, sse4.1, sse4.2, popcnt, avx, avx2, aes, clmul, erms, 3dnowpref, lzcnt, tsc, tscinvbit, bmi1, bmi2, adx

Memory: 4k page, physical 8247448k(2017120k free), swap 16494896k(6442736k free)

vm_info: Java HotSpot(TM) Client VM (25.161-b12) for windows-x86 JRE (1.8.0_161-b12), built on Dec 19 2017 17:09:29 by "java_re" with MS VC++ 10.0 (VS2010)

time: Wed Apr 03 00:31:26 2019
elapsed time: 5 seconds (0d 0h 0m 5s)

