#
# A fatal error has been detected by the Java Runtime Environment:
#
#  EXCEPTION_ACCESS_VIOLATION (0xc0000005) at pc=0x24d3e7c2, pid=24392, tid=0x000048e8
#
# JRE version: Java(TM) SE Runtime Environment (8.0_161-b12) (build 1.8.0_161-b12)
# Java VM: Java HotSpot(TM) Client VM (25.161-b12 mixed mode, sharing windows-x86 )
# Problematic frame:
# C  0x24d3e7c2
#
# Failed to write core dump. Minidumps are not enabled by default on client versions of Windows
#
# If you would like to submit a bug report, please visit:
#   http://bugreport.java.com/bugreport/crash.jsp
# The crash happened outside the Java Virtual Machine in native code.
# See problematic frame for where to report the bug.
#

---------------  T H R E A D  ---------------

Current thread (0x14c8b000):  JavaThread "JavaFX Application Thread" [_thread_in_native, id=18664, stack(0x153c0000,0x15410000)]

siginfo: ExceptionCode=0xc0000005, reading address 0x00000000

Registers:
EAX=0x00000003, EBX=0x00000000, ECX=0x00000004, EDX=0x00000000
ESP=0x1540c664, EBP=0x1540c670, ESI=0x00000000, EDI=0x00000004
EIP=0x24d3e7c2, EFLAGS=0x00210202

Top of Stack: (sp=0x1540c664)
0x1540c664:   00000000 2a975e92 2a975e8e 1540c680
0x1540c674:   24d3e98c 00000000 00000004 1540c6c8
0x1540c684:   24d3f29e 00000000 00000004 1540c8e0
0x1540c694:   1540c961 00000000 2af09a90 00000000
0x1540c6a4:   00000000 00000000 2a975e8e 00000000
0x1540c6b4:   2af09a88 00000000 000000be 2a975e8b
0x1540c6c4:   00794fa6 1540c6f8 24d3eaff 1540c961
0x1540c6d4:   ffffffff 00000000 1540c8e0 1540cd2c 

Instructions: (pc=0x24d3e7c2)
0x24d3e7a2:   5d c3 cc cc cc cc cc cc cc cc cc cc cc cc 55 8b
0x24d3e7b2:   ec 53 56 57 8b 7d 0c 33 f6 85 ff 7e 24 8b 5d 08
0x24d3e7c2:   0f b6 04 1e 50 e8 24 cf fc ff 83 c4 04 84 c0 75
0x24d3e7d2:   0b 8a 04 1e 3c 30 7c 10 3c 39 7f 0c 46 3b f7 7c 


Register to memory mapping:

EAX=0x00000003 is an unknown value
EBX=0x00000000 is an unknown value
ECX=0x00000004 is an unknown value
EDX=0x00000000 is an unknown value
ESP=0x1540c664 is pointing into the stack for thread: 0x14c8b000
EBP=0x1540c670 is pointing into the stack for thread: 0x14c8b000
ESI=0x00000000 is an unknown value
EDI=0x00000004 is an unknown value


Stack: [0x153c0000,0x15410000],  sp=0x1540c664,  free space=305k
Native frames: (J=compiled Java code, j=interpreted, Vv=VM code, C=native code)
C  0x24d3e7c2
C  0x24d3e98c
C  0x24d3f29e
C  0x24d3eaff
C  0x24d1878c
C  0x24d19e56
C  0x24cf82ac
C  0x24cf7544
C  0x24ce8861
C  0x255f30c4
C  0x255f3988
C  0x255f2a35
C  0x24b29200
C  0x24b25cd9
C  0x24b2a63b
C  0x24b29a0a
C  0x24b530f9
C  0x24b54f2f
C  0x24a6a7bf
C  0x24a6a48d
C  0x24a69e64
C  0x24a5f419
C  0x24a5e763
C  0x24a4e92c
C  0x24a5ee01
C  0x24a5f33a
C  0x24a5e771
C  0x24a4e92c
C  0x24a5ee01
C  0x24a5f33a
C  0x24a5e771
C  0x24a4e92c
C  0x24a5ee01
C  0x24a5f33a
C  0x24a5e771
C  0x24a4e92c
C  0x24a5ee01
C  0x24a5f33a
C  0x24a5e771
C  0x24a4e92c
C  0x24a4eb0a
C  0x24a4ebc0
C  0x24a5e972
C  0x24a4e92c
C  0x24b3c7c1
C  0x2493ecfe
C  0x2493efb7
C  0x24c84b9c
j  com.sun.webkit.Timer.fireTimerEvent(J)V+45
j  com.sun.webkit.Timer.notifyTick()V+25
j  javafx.scene.web.WebEngine$PulseTimer.lambda$null$49()V+3
j  javafx.scene.web.WebEngine$PulseTimer$$Lambda$235.run()V+0
j  com.sun.javafx.application.PlatformImpl.lambda$null$172(Ljava/lang/Runnable;)Ljava/lang/Void;+1
j  com.sun.javafx.application.PlatformImpl$$Lambda$49.run()Ljava/lang/Object;+4
v  ~StubRoutines::call_stub
V  [jvm.dll+0x15b6d5]
V  [jvm.dll+0x22229e]
V  [jvm.dll+0x15b76e]
V  [jvm.dll+0x10b83f]
C  [java.dll+0x102f]
j  com.sun.javafx.application.PlatformImpl.lambda$runLater$173(Ljava/lang/Runnable;Ljava/security/AccessControlContext;)V+7
j  com.sun.javafx.application.PlatformImpl$$Lambda$48.run()V+8
j  com.sun.glass.ui.InvokeLaterDispatcher$Future.run()V+4
v  ~StubRoutines::call_stub
V  [jvm.dll+0x15b6d5]
V  [jvm.dll+0x22229e]
V  [jvm.dll+0x15b76e]
V  [jvm.dll+0xdd2fb]
V  [jvm.dll+0xe028c]
C  [glass.dll+0x469c]

Java frames: (J=compiled Java code, j=interpreted, Vv=VM code)
j  com.sun.webkit.Timer.twkFireTimerEvent()V+0
j  com.sun.webkit.Timer.fireTimerEvent(J)V+45
j  com.sun.webkit.Timer.notifyTick()V+25
j  javafx.scene.web.WebEngine$PulseTimer.lambda$null$49()V+3
j  javafx.scene.web.WebEngine$PulseTimer$$Lambda$235.run()V+0
j  com.sun.javafx.application.PlatformImpl.lambda$null$172(Ljava/lang/Runnable;)Ljava/lang/Void;+1
j  com.sun.javafx.application.PlatformImpl$$Lambda$49.run()Ljava/lang/Object;+4
v  ~StubRoutines::call_stub
J 761  java.security.AccessController.doPrivileged(Ljava/security/PrivilegedAction;Ljava/security/AccessControlContext;)Ljava/lang/Object; (0 bytes) @ 0x02440287 [0x02440220+0x67]
j  com.sun.javafx.application.PlatformImpl.lambda$runLater$173(Ljava/lang/Runnable;Ljava/security/AccessControlContext;)V+7
j  com.sun.javafx.application.PlatformImpl$$Lambda$48.run()V+8
j  com.sun.glass.ui.InvokeLaterDispatcher$Future.run()V+4
v  ~StubRoutines::call_stub
j  com.sun.glass.ui.win.WinApplication._runLoop(Ljava/lang/Runnable;)V+0
j  com.sun.glass.ui.win.WinApplication.lambda$null$147(ILjava/lang/Runnable;)V+8
j  com.sun.glass.ui.win.WinApplication$$Lambda$37.run()V+12
j  java.lang.Thread.run()V+11
v  ~StubRoutines::call_stub

---------------  P R O C E S S  ---------------

Java Threads: ( => current thread )
  0x2941e000 JavaThread "Thread-12" daemon [_thread_in_native, id=21104, stack(0x2be60000,0x2beb0000)]
  0x29418000 JavaThread "URL-Loader-20" daemon [_thread_blocked, id=10048, stack(0x2bdd0000,0x2be20000)]
  0x2941a800 JavaThread "URL-Loader-19" daemon [_thread_blocked, id=24208, stack(0x2bd40000,0x2bd90000)]
  0x2941b800 JavaThread "URL-Loader-18" daemon [_thread_blocked, id=3388, stack(0x2bcb0000,0x2bd00000)]
  0x29418c00 JavaThread "URL-Loader-17" daemon [_thread_blocked, id=24140, stack(0x2bc20000,0x2bc70000)]
  0x29417c00 JavaThread "URL-Loader-16" daemon [_thread_blocked, id=11184, stack(0x2bb90000,0x2bbe0000)]
  0x2941c400 JavaThread "URL-Loader-15" daemon [_thread_blocked, id=2676, stack(0x2aa90000,0x2aae0000)]
  0x2941b400 JavaThread "URL-Loader-14" daemon [_thread_blocked, id=3764, stack(0x2ab30000,0x2ab80000)]
  0x29418800 JavaThread "URL-Loader-13" daemon [_thread_blocked, id=20776, stack(0x2aa00000,0x2aa50000)]
  0x2941a000 JavaThread "URL-Loader-12" daemon [_thread_blocked, id=22540, stack(0x2a160000,0x2a1b0000)]
  0x1613f400 JavaThread "URL-Loader-11" daemon [_thread_blocked, id=21976, stack(0x2a0d0000,0x2a120000)]
  0x1613e400 JavaThread "URL-Loader-10" daemon [_thread_blocked, id=16876, stack(0x29f00000,0x29f50000)]
  0x1613e000 JavaThread "URL-Loader-9" daemon [_thread_blocked, id=19768, stack(0x29e70000,0x29ec0000)]
  0x1613d400 JavaThread "URL-Loader-8" daemon [_thread_blocked, id=10516, stack(0x29de0000,0x29e30000)]
  0x1613d800 JavaThread "URL-Loader-7" daemon [_thread_blocked, id=9948, stack(0x29d50000,0x29da0000)]
  0x1613ec00 JavaThread "URL-Loader-6" daemon [_thread_blocked, id=17036, stack(0x29cc0000,0x29d10000)]
  0x16140000 JavaThread "URL-Loader-5" daemon [_thread_blocked, id=16180, stack(0x29c30000,0x29c80000)]
  0x1613f800 JavaThread "URL-Loader-4" daemon [_thread_blocked, id=14216, stack(0x189a0000,0x189f0000)]
  0x1613cc00 JavaThread "URL-Loader-3" daemon [_thread_blocked, id=21740, stack(0x18910000,0x18960000)]
  0x1613c800 JavaThread "URL-Loader-2" daemon [_thread_blocked, id=24932, stack(0x187b0000,0x18800000)]
  0x16103400 JavaThread "URL-Loader-1" daemon [_thread_blocked, id=828, stack(0x17b70000,0x17bc0000)]
  0x16102c00 JavaThread "Disposer" daemon [_thread_blocked, id=18964, stack(0x17ae0000,0x17b30000)]
  0x15f48000 JavaThread "Keep-Alive-Timer" daemon [_thread_blocked, id=7480, stack(0x16f10000,0x16f60000)]
  0x15e5e000 JavaThread "Prism Font Disposer" daemon [_thread_blocked, id=2160, stack(0x16a80000,0x16ad0000)]
  0x14caf400 JavaThread "Thread-3" daemon [_thread_in_native, id=2336, stack(0x15ca0000,0x15cf0000)]
  0x14c9fc00 JavaThread "JavaFX-Launcher" [_thread_blocked, id=16456, stack(0x15d30000,0x15d80000)]
=>0x14c8b000 JavaThread "JavaFX Application Thread" [_thread_in_native, id=18664, stack(0x153c0000,0x15410000)]
  0x14c7e000 JavaThread "Thread-1" daemon [_thread_blocked, id=20436, stack(0x15330000,0x15380000)]
  0x14c5d400 JavaThread "QuantumRenderer-0" daemon [_thread_blocked, id=16840, stack(0x14f80000,0x14fd0000)]
  0x14b1b800 JavaThread "Service Thread" daemon [_thread_blocked, id=22184, stack(0x14e60000,0x14eb0000)]
  0x14b17000 JavaThread "C1 CompilerThread0" daemon [_thread_blocked, id=3424, stack(0x14dd0000,0x14e20000)]
  0x14b14c00 JavaThread "Monitor Ctrl-Break" daemon [_thread_in_native, id=15316, stack(0x14d40000,0x14d90000)]
  0x02221c00 JavaThread "Attach Listener" daemon [_thread_blocked, id=23212, stack(0x14ab0000,0x14b00000)]
  0x02219400 JavaThread "Signal Dispatcher" daemon [_thread_blocked, id=16440, stack(0x14a20000,0x14a70000)]
  0x02216c00 JavaThread "Finalizer" daemon [_thread_blocked, id=21048, stack(0x148a0000,0x148f0000)]
  0x021b9c00 JavaThread "Reference Handler" daemon [_thread_blocked, id=23268, stack(0x04380000,0x043d0000)]
  0x0208e000 JavaThread "main" [_thread_blocked, id=3204, stack(0x01eb0000,0x01f00000)]

Other Threads:
  0x021b6400 VMThread [stack: 0x042f0000,0x04340000] [id=25044]
  0x14b48000 WatcherThread [stack: 0x14ef0000,0x14f40000] [id=21392]

VM state:not at safepoint (normal execution)

VM Mutex/Monitor currently owned by a thread: None

Heap:
 def new generation   total 8832K, used 5211K [0x04400000, 0x04d90000, 0x09950000)
  eden space 7872K,  54% used [0x04400000, 0x04826f78, 0x04bb0000)
  from space 960K,  99% used [0x04ca0000, 0x04d8fff8, 0x04d90000)
  to   space 960K,   0% used [0x04bb0000, 0x04bb0000, 0x04ca0000)
 tenured generation   total 19520K, used 14949K [0x09950000, 0x0ac60000, 0x14400000)
   the space 19520K,  76% used [0x09950000, 0x0a7e9718, 0x0a7e9800, 0x0ac60000)
 Metaspace       used 10823K, capacity 11458K, committed 11520K, reserved 11648K

Card table byte_map: [0x01fd0000,0x02060000] byte_map_base: 0x01fae000

Polling page: 0x004d0000

CodeCache: size=32768Kb used=3019Kb max_used=3019Kb free=29748Kb
 bounds [0x02290000, 0x02588000, 0x04290000]
 total_blobs=2029 nmethods=1577 adapters=382
 compilation: enabled

Compilation events (10 events):
Event: 19.471 Thread 0x14b17000 1608             com.sun.javafx.text.TextRun::getWidth (93 bytes)
Event: 19.471 Thread 0x14b17000 nmethod 1608 0x0257e948 code [0x0257ea60, 0x0257ebc0]
Event: 19.471 Thread 0x14b17000 1609             sun.text.bidi.BidiBase::getDirProps (472 bytes)
Event: 19.472 Thread 0x14b17000 nmethod 1609 0x0257ed08 code [0x0257ee80, 0x0257f4d8]
Event: 19.477 Thread 0x14b17000 1610             java.lang.reflect.Method::invoke (62 bytes)
Event: 19.477 Thread 0x14b17000 nmethod 1610 0x0257ff48 code [0x02580080, 0x025801ec]
Event: 19.477 Thread 0x14b17000 1611             com.sun.javafx.text.GlyphLayout::breakRuns (955 bytes)
Event: 19.480 Thread 0x14b17000 nmethod 1611 0x02580308 code [0x025805a0, 0x02581b3c]
Event: 19.480 Thread 0x14b17000 1612             com.sun.javafx.text.TextRun::getGlyphCount (5 bytes)
Event: 19.480 Thread 0x14b17000 nmethod 1612 0x02583508 code [0x02583600, 0x02583680]

GC Heap History (10 events):
Event: 18.638 GC heap before
{Heap before GC invocations=47 (full 1):
 def new generation   total 8832K, used 7888K [0x04400000, 0x04d90000, 0x09950000)
  eden space 7872K,  97% used [0x04400000, 0x04b86800, 0x04bb0000)
  from space 960K,  19% used [0x04bb0000, 0x04bddaf8, 0x04ca0000)
  to   space 960K,   0% used [0x04ca0000, 0x04ca0000, 0x04d90000)
 tenured generation   total 19520K, used 13424K [0x09950000, 0x0ac60000, 0x14400000)
   the space 19520K,  68% used [0x09950000, 0x0a66c368, 0x0a66c400, 0x0ac60000)
 Metaspace       used 10549K, capacity 11125K, committed 11136K, reserved 11648K
Event: 18.639 GC heap after
Heap after GC invocations=48 (full 1):
 def new generation   total 8832K, used 185K [0x04400000, 0x04d90000, 0x09950000)
  eden space 7872K,   0% used [0x04400000, 0x04400000, 0x04bb0000)
  from space 960K,  19% used [0x04ca0000, 0x04cce680, 0x04d90000)
  to   space 960K,   0% used [0x04bb0000, 0x04bb0000, 0x04ca0000)
 tenured generation   total 19520K, used 13424K [0x09950000, 0x0ac60000, 0x14400000)
   the space 19520K,  68% used [0x09950000, 0x0a66c368, 0x0a66c400, 0x0ac60000)
 Metaspace       used 10549K, capacity 11125K, committed 11136K, reserved 11648K
}
Event: 18.641 GC heap before
{Heap before GC invocations=48 (full 1):
 def new generation   total 8832K, used 8009K [0x04400000, 0x04d90000, 0x09950000)
  eden space 7872K,  99% used [0x04400000, 0x04ba40a0, 0x04bb0000)
  from space 960K,  19% used [0x04ca0000, 0x04cce680, 0x04d90000)
  to   space 960K,   0% used [0x04bb0000, 0x04bb0000, 0x04ca0000)
 tenured generation   total 19520K, used 13424K [0x09950000, 0x0ac60000, 0x14400000)
   the space 19520K,  68% used [0x09950000, 0x0a66c368, 0x0a66c400, 0x0ac60000)
 Metaspace       used 10549K, capacity 11125K, committed 11136K, reserved 11648K
Event: 18.642 GC heap after
Heap after GC invocations=49 (full 1):
 def new generation   total 8832K, used 188K [0x04400000, 0x04d90000, 0x09950000)
  eden space 7872K,   0% used [0x04400000, 0x04400000, 0x04bb0000)
  from space 960K,  19% used [0x04bb0000, 0x04bdf208, 0x04ca0000)
  to   space 960K,   0% used [0x04ca0000, 0x04ca0000, 0x04d90000)
 tenured generation   total 19520K, used 13424K [0x09950000, 0x0ac60000, 0x14400000)
   the space 19520K,  68% used [0x09950000, 0x0a66c368, 0x0a66c400, 0x0ac60000)
 Metaspace       used 10549K, capacity 11125K, committed 11136K, reserved 11648K
}
Event: 18.671 GC heap before
{Heap before GC invocations=49 (full 1):
 def new generation   total 8832K, used 8060K [0x04400000, 0x04d90000, 0x09950000)
  eden space 7872K, 100% used [0x04400000, 0x04bb0000, 0x04bb0000)
  from space 960K,  19% used [0x04bb0000, 0x04bdf208, 0x04ca0000)
  to   space 960K,   0% used [0x04ca0000, 0x04ca0000, 0x04d90000)
 tenured generation   total 19520K, used 13424K [0x09950000, 0x0ac60000, 0x14400000)
   the space 19520K,  68% used [0x09950000, 0x0a66c368, 0x0a66c400, 0x0ac60000)
 Metaspace       used 10562K, capacity 11157K, committed 11264K, reserved 11648K
Event: 18.672 GC heap after
Heap after GC invocations=50 (full 1):
 def new generation   total 8832K, used 362K [0x04400000, 0x04d90000, 0x09950000)
  eden space 7872K,   0% used [0x04400000, 0x04400000, 0x04bb0000)
  from space 960K,  37% used [0x04ca0000, 0x04cfa890, 0x04d90000)
  to   space 960K,   0% used [0x04bb0000, 0x04bb0000, 0x04ca0000)
 tenured generation   total 19520K, used 13424K [0x09950000, 0x0ac60000, 0x14400000)
   the space 19520K,  68% used [0x09950000, 0x0a66c368, 0x0a66c400, 0x0ac60000)
 Metaspace       used 10562K, capacity 11157K, committed 11264K, reserved 11648K
}
Event: 18.780 GC heap before
{Heap before GC invocations=50 (full 1):
 def new generation   total 8832K, used 8234K [0x04400000, 0x04d90000, 0x09950000)
  eden space 7872K, 100% used [0x04400000, 0x04bb0000, 0x04bb0000)
  from space 960K,  37% used [0x04ca0000, 0x04cfa890, 0x04d90000)
  to   space 960K,   0% used [0x04bb0000, 0x04bb0000, 0x04ca0000)
 tenured generation   total 19520K, used 13424K [0x09950000, 0x0ac60000, 0x14400000)
   the space 19520K,  68% used [0x09950000, 0x0a66c368, 0x0a66c400, 0x0ac60000)
 Metaspace       used 10636K, capacity 11241K, committed 11264K, reserved 11648K
Event: 18.783 GC heap after
Heap after GC invocations=51 (full 1):
 def new generation   total 8832K, used 960K [0x04400000, 0x04d90000, 0x09950000)
  eden space 7872K,   0% used [0x04400000, 0x04400000, 0x04bb0000)
  from space 960K, 100% used [0x04bb0000, 0x04ca0000, 0x04ca0000)
  to   space 960K,   0% used [0x04ca0000, 0x04ca0000, 0x04d90000)
 tenured generation   total 19520K, used 14126K [0x09950000, 0x0ac60000, 0x14400000)
   the space 19520K,  72% used [0x09950000, 0x0a71b830, 0x0a71ba00, 0x0ac60000)
 Metaspace       used 10636K, capacity 11241K, committed 11264K, reserved 11648K
}
Event: 19.054 GC heap before
{Heap before GC invocations=51 (full 1):
 def new generation   total 8832K, used 8665K [0x04400000, 0x04d90000, 0x09950000)
  eden space 7872K,  97% used [0x04400000, 0x04b866e8, 0x04bb0000)
  from space 960K, 100% used [0x04bb0000, 0x04ca0000, 0x04ca0000)
  to   space 960K,   0% used [0x04ca0000, 0x04ca0000, 0x04d90000)
 tenured generation   total 19520K, used 14126K [0x09950000, 0x0ac60000, 0x14400000)
   the space 19520K,  72% used [0x09950000, 0x0a71b830, 0x0a71ba00, 0x0ac60000)
 Metaspace       used 10794K, capacity 11394K, committed 11520K, reserved 11648K
Event: 19.057 GC heap after
Heap after GC invocations=52 (full 1):
 def new generation   total 8832K, used 959K [0x04400000, 0x04d90000, 0x09950000)
  eden space 7872K,   0% used [0x04400000, 0x04400000, 0x04bb0000)
  from space 960K,  99% used [0x04ca0000, 0x04d8fff8, 0x04d90000)
  to   space 960K,   0% used [0x04bb0000, 0x04bb0000, 0x04ca0000)
 tenured generation   total 19520K, used 14949K [0x09950000, 0x0ac60000, 0x14400000)
   the space 19520K,  76% used [0x09950000, 0x0a7e9718, 0x0a7e9800, 0x0ac60000)
 Metaspace       used 10794K, capacity 11394K, committed 11520K, reserved 11648K
}

Deoptimization events (0 events):
No events

Classes redefined (0 events):
No events

Internal exceptions (10 events):
Event: 18.324 Thread 0x14c8b000 Exception <a 'sun/nio/fs/WindowsException'> (0x04a955b0) thrown at [C:\re\workspace\8-2-build-windows-i586-cygwin\jdk8u161\10277\hotspot\src\share\vm\prims\jni.cpp, line 709]
Event: 18.324 Thread 0x14c8b000 Exception <a 'sun/nio/fs/WindowsException'> (0x04a98a58) thrown at [C:\re\workspace\8-2-build-windows-i586-cygwin\jdk8u161\10277\hotspot\src\share\vm\prims\jni.cpp, line 709]
Event: 18.324 Thread 0x14c8b000 Exception <a 'sun/nio/fs/WindowsException'> (0x04a992a8) thrown at [C:\re\workspace\8-2-build-windows-i586-cygwin\jdk8u161\10277\hotspot\src\share\vm\prims\jni.cpp, line 709]
Event: 18.324 Thread 0x14c8b000 Exception <a 'sun/nio/fs/WindowsException'> (0x04a9a4f0) thrown at [C:\re\workspace\8-2-build-windows-i586-cygwin\jdk8u161\10277\hotspot\src\share\vm\prims\jni.cpp, line 709]
Event: 18.680 Thread 0x16103400 Implicit null exception at 0x0252d28c to 0x0252e130
Event: 19.097 Thread 0x2941e000 Exception <a 'sun/nio/fs/WindowsException'> (0x044b9200) thrown at [C:\re\workspace\8-2-build-windows-i586-cygwin\jdk8u161\10277\hotspot\src\share\vm\prims\jni.cpp, line 709]
Event: 19.272 Thread 0x14c8b000 Exception <a 'java/io/FileNotFoundException'> (0x045ef1d0) thrown at [C:\re\workspace\8-2-build-windows-i586-cygwin\jdk8u161\10277\hotspot\src\share\vm\prims\jni.cpp, line 709]
Event: 19.272 Thread 0x14c8b000 Exception <a 'java/io/FileNotFoundException'> (0x045f0220) thrown at [C:\re\workspace\8-2-build-windows-i586-cygwin\jdk8u161\10277\hotspot\src\share\vm\prims\jni.cpp, line 709]
Event: 19.283 Thread 0x14c8b000 Exception <a 'java/io/FileNotFoundException'> (0x045f5820) thrown at [C:\re\workspace\8-2-build-windows-i586-cygwin\jdk8u161\10277\hotspot\src\share\vm\prims\jni.cpp, line 709]
Event: 19.284 Thread 0x14c8b000 Exception <a 'java/io/FileNotFoundException'> (0x045f67c8) thrown at [C:\re\workspace\8-2-build-windows-i586-cygwin\jdk8u161\10277\hotspot\src\share\vm\prims\jni.cpp, line 709]

Events (10 events):
Event: 19.335 loading class com/sun/javafx/font/directwrite/DWRITE_SCRIPT_ANALYSIS
Event: 19.335 loading class com/sun/javafx/font/directwrite/DWRITE_SCRIPT_ANALYSIS done
Event: 19.342 loading class com/sun/javafx/font/directwrite/IDWriteTextFormat
Event: 19.342 loading class com/sun/javafx/font/directwrite/IDWriteTextFormat done
Event: 19.342 loading class com/sun/javafx/font/directwrite/IDWriteTextLayout
Event: 19.342 loading class com/sun/javafx/font/directwrite/IDWriteTextLayout done
Event: 19.342 loading class com/sun/javafx/font/directwrite/JFXTextRenderer
Event: 19.342 loading class com/sun/javafx/font/directwrite/JFXTextRenderer done
Event: 19.348 loading class com/sun/javafx/font/directwrite/IDWriteLocalizedStrings
Event: 19.348 loading class com/sun/javafx/font/directwrite/IDWriteLocalizedStrings done


Dynamic libraries:
0x00860000 - 0x00893000 	C:\Program Files (x86)\Java\jdk1.8.0_161\bin\java.exe
0x77750000 - 0x778e0000 	C:\WINDOWS\SYSTEM32\ntdll.dll
0x75b20000 - 0x75c00000 	C:\WINDOWS\System32\KERNEL32.DLL
0x6cf10000 - 0x6cf20000 	C:\Program Files\AVAST Software\Avast\x86\aswhook.dll
0x761d0000 - 0x763b4000 	C:\WINDOWS\System32\KERNELBASE.dll
0x6d900000 - 0x6d99d000 	C:\WINDOWS\SYSTEM32\apphelp.dll
0x76d50000 - 0x76dc8000 	C:\WINDOWS\System32\ADVAPI32.dll
0x772f0000 - 0x773af000 	C:\WINDOWS\System32\msvcrt.dll
0x77500000 - 0x77544000 	C:\WINDOWS\System32\sechost.dll
0x75a50000 - 0x75b10000 	C:\WINDOWS\System32\RPCRT4.dll
0x74010000 - 0x74030000 	C:\WINDOWS\System32\SspiCli.dll
0x74000000 - 0x7400a000 	C:\WINDOWS\System32\CRYPTBASE.dll
0x76fc0000 - 0x77018000 	C:\WINDOWS\System32\bcryptPrimitives.dll
0x769d0000 - 0x76b5d000 	C:\WINDOWS\System32\USER32.dll
0x75a30000 - 0x75a47000 	C:\WINDOWS\System32\win32u.dll
0x76c70000 - 0x76c92000 	C:\WINDOWS\System32\GDI32.dll
0x75fd0000 - 0x76134000 	C:\WINDOWS\System32\gdi32full.dll
0x76ca0000 - 0x76d1d000 	C:\WINDOWS\System32\msvcp_win.dll
0x75d40000 - 0x75e5d000 	C:\WINDOWS\System32\ucrtbase.dll
0x6d190000 - 0x6d394000 	C:\WINDOWS\WinSxS\x86_microsoft.windows.common-controls_6595b64144ccf1df_6.0.17134.648_none_42f2d7c044decfd8\COMCTL32.dll
0x77020000 - 0x7727c000 	C:\WINDOWS\System32\combase.dll
0x76d20000 - 0x76d46000 	C:\WINDOWS\System32\IMM32.DLL
0x6d760000 - 0x6d81d000 	C:\Program Files (x86)\Java\jdk1.8.0_161\jre\bin\msvcr100.dll
0x65680000 - 0x65a50000 	C:\Program Files (x86)\Java\jdk1.8.0_161\jre\bin\client\jvm.dll
0x769c0000 - 0x769c6000 	C:\WINDOWS\System32\PSAPI.DLL
0x71280000 - 0x71288000 	C:\WINDOWS\SYSTEM32\WSOCK32.dll
0x77280000 - 0x772e7000 	C:\WINDOWS\System32\WS2_32.dll
0x71c90000 - 0x71cb4000 	C:\WINDOWS\SYSTEM32\WINMM.dll
0x73e10000 - 0x73e18000 	C:\WINDOWS\SYSTEM32\VERSION.dll
0x712c0000 - 0x712e3000 	C:\WINDOWS\SYSTEM32\WINMMBASE.dll
0x76f80000 - 0x76fb9000 	C:\WINDOWS\System32\cfgmgr32.dll
0x6da10000 - 0x6da1c000 	C:\Program Files (x86)\Java\jdk1.8.0_161\jre\bin\verify.dll
0x6d9e0000 - 0x6da02000 	C:\Program Files (x86)\Java\jdk1.8.0_161\jre\bin\java.dll
0x73d60000 - 0x73d80000 	C:\Program Files (x86)\Java\jdk1.8.0_161\jre\bin\instrument.dll
0x6d9c0000 - 0x6d9d4000 	C:\Program Files (x86)\Java\jdk1.8.0_161\jre\bin\zip.dll
0x746e0000 - 0x75a2a000 	C:\WINDOWS\System32\SHELL32.dll
0x76140000 - 0x761c8000 	C:\WINDOWS\System32\shcore.dll
0x74120000 - 0x746da000 	C:\WINDOWS\System32\windows.storage.dll
0x75c00000 - 0x75c45000 	C:\WINDOWS\System32\shlwapi.dll
0x76e30000 - 0x76e3f000 	C:\WINDOWS\System32\kernel.appcore.dll
0x763d0000 - 0x763e8000 	C:\WINDOWS\System32\profapi.dll
0x740d0000 - 0x74115000 	C:\WINDOWS\System32\powrprof.dll
0x76b60000 - 0x76b68000 	C:\WINDOWS\System32\FLTLIB.DLL
0x73d40000 - 0x73d56000 	C:\Program Files\JetBrains\IntelliJ IDEA Community Edition 2018.3\bin\breakgen.dll
0x6d740000 - 0x6d755000 	C:\Program Files (x86)\Java\jdk1.8.0_161\jre\bin\net.dll
0x71140000 - 0x71196000 	C:\WINDOWS\system32\mswsock.dll
0x73d30000 - 0x73d33000 	C:\Program Files (x86)\Java\jdk1.8.0_161\jre\bin\api-ms-win-core-console-l1-1-0.dll
0x73d20000 - 0x73d23000 	C:\Program Files (x86)\Java\jdk1.8.0_161\jre\bin\api-ms-win-core-datetime-l1-1-0.dll
0x73d10000 - 0x73d13000 	C:\Program Files (x86)\Java\jdk1.8.0_161\jre\bin\api-ms-win-core-debug-l1-1-0.dll
0x73d00000 - 0x73d03000 	C:\Program Files (x86)\Java\jdk1.8.0_161\jre\bin\api-ms-win-core-errorhandling-l1-1-0.dll
0x73cf0000 - 0x73cf4000 	C:\Program Files (x86)\Java\jdk1.8.0_161\jre\bin\api-ms-win-core-file-l1-1-0.dll
0x73ce0000 - 0x73ce3000 	C:\Program Files (x86)\Java\jdk1.8.0_161\jre\bin\api-ms-win-core-file-l1-2-0.dll
0x73cd0000 - 0x73cd3000 	C:\Program Files (x86)\Java\jdk1.8.0_161\jre\bin\api-ms-win-core-file-l2-1-0.dll
0x73cc0000 - 0x73cc3000 	C:\Program Files (x86)\Java\jdk1.8.0_161\jre\bin\api-ms-win-core-handle-l1-1-0.dll
0x73cb0000 - 0x73cb3000 	C:\Program Files (x86)\Java\jdk1.8.0_161\jre\bin\api-ms-win-core-heap-l1-1-0.dll
0x73ca0000 - 0x73ca3000 	C:\Program Files (x86)\Java\jdk1.8.0_161\jre\bin\api-ms-win-core-interlocked-l1-1-0.dll
0x73c90000 - 0x73c93000 	C:\Program Files (x86)\Java\jdk1.8.0_161\jre\bin\api-ms-win-core-libraryloader-l1-1-0.dll
0x73c80000 - 0x73c83000 	C:\Program Files (x86)\Java\jdk1.8.0_161\jre\bin\api-ms-win-core-localization-l1-2-0.dll
0x73c70000 - 0x73c73000 	C:\Program Files (x86)\Java\jdk1.8.0_161\jre\bin\api-ms-win-core-memory-l1-1-0.dll
0x73c60000 - 0x73c63000 	C:\Program Files (x86)\Java\jdk1.8.0_161\jre\bin\api-ms-win-core-namedpipe-l1-1-0.dll
0x73c50000 - 0x73c53000 	C:\Program Files (x86)\Java\jdk1.8.0_161\jre\bin\api-ms-win-core-processenvironment-l1-1-0.dll
0x73c40000 - 0x73c43000 	C:\Program Files (x86)\Java\jdk1.8.0_161\jre\bin\api-ms-win-core-processthreads-l1-1-0.dll
0x73c30000 - 0x73c33000 	C:\Program Files (x86)\Java\jdk1.8.0_161\jre\bin\api-ms-win-core-processthreads-l1-1-1.dll
0x73c20000 - 0x73c23000 	C:\Program Files (x86)\Java\jdk1.8.0_161\jre\bin\api-ms-win-core-profile-l1-1-0.dll
0x73c10000 - 0x73c13000 	C:\Program Files (x86)\Java\jdk1.8.0_161\jre\bin\api-ms-win-core-rtlsupport-l1-1-0.dll
0x73c00000 - 0x73c03000 	C:\Program Files (x86)\Java\jdk1.8.0_161\jre\bin\api-ms-win-core-string-l1-1-0.dll
0x73bf0000 - 0x73bf3000 	C:\Program Files (x86)\Java\jdk1.8.0_161\jre\bin\api-ms-win-core-synch-l1-1-0.dll
0x73be0000 - 0x73be3000 	C:\Program Files (x86)\Java\jdk1.8.0_161\jre\bin\api-ms-win-core-synch-l1-2-0.dll
0x73bd0000 - 0x73bd3000 	C:\Program Files (x86)\Java\jdk1.8.0_161\jre\bin\api-ms-win-core-sysinfo-l1-1-0.dll
0x73bc0000 - 0x73bc3000 	C:\Program Files (x86)\Java\jdk1.8.0_161\jre\bin\api-ms-win-core-timezone-l1-1-0.dll
0x73bb0000 - 0x73bb3000 	C:\Program Files (x86)\Java\jdk1.8.0_161\jre\bin\api-ms-win-core-util-l1-1-0.dll
0x73ba0000 - 0x73ba3000 	C:\Program Files (x86)\Java\jdk1.8.0_161\jre\bin\api-ms-win-crt-conio-l1-1-0.dll
0x73b90000 - 0x73b94000 	C:\Program Files (x86)\Java\jdk1.8.0_161\jre\bin\api-ms-win-crt-convert-l1-1-0.dll
0x73b80000 - 0x73b83000 	C:\Program Files (x86)\Java\jdk1.8.0_161\jre\bin\api-ms-win-crt-environment-l1-1-0.dll
0x73b70000 - 0x73b73000 	C:\Program Files (x86)\Java\jdk1.8.0_161\jre\bin\api-ms-win-crt-filesystem-l1-1-0.dll
0x73b60000 - 0x73b63000 	C:\Program Files (x86)\Java\jdk1.8.0_161\jre\bin\api-ms-win-crt-heap-l1-1-0.dll
0x73b50000 - 0x73b53000 	C:\Program Files (x86)\Java\jdk1.8.0_161\jre\bin\api-ms-win-crt-locale-l1-1-0.dll
0x73b40000 - 0x73b45000 	C:\Program Files (x86)\Java\jdk1.8.0_161\jre\bin\api-ms-win-crt-math-l1-1-0.dll
0x73b30000 - 0x73b35000 	C:\Program Files (x86)\Java\jdk1.8.0_161\jre\bin\api-ms-win-crt-multibyte-l1-1-0.dll
0x73b20000 - 0x73b30000 	C:\Program Files (x86)\Java\jdk1.8.0_161\jre\bin\api-ms-win-crt-private-l1-1-0.dll
0x73b10000 - 0x73b13000 	C:\Program Files (x86)\Java\jdk1.8.0_161\jre\bin\api-ms-win-crt-process-l1-1-0.dll
0x73b00000 - 0x73b04000 	C:\Program Files (x86)\Java\jdk1.8.0_161\jre\bin\api-ms-win-crt-runtime-l1-1-0.dll
0x73af0000 - 0x73af4000 	C:\Program Files (x86)\Java\jdk1.8.0_161\jre\bin\api-ms-win-crt-stdio-l1-1-0.dll
0x73ae0000 - 0x73ae4000 	C:\Program Files (x86)\Java\jdk1.8.0_161\jre\bin\api-ms-win-crt-string-l1-1-0.dll
0x73ad0000 - 0x73ad3000 	C:\Program Files (x86)\Java\jdk1.8.0_161\jre\bin\api-ms-win-crt-time-l1-1-0.dll
0x73ac0000 - 0x73ac3000 	C:\Program Files (x86)\Java\jdk1.8.0_161\jre\bin\api-ms-win-crt-utility-l1-1-0.dll
0x739a0000 - 0x73ab8000 	C:\Program Files (x86)\Java\jdk1.8.0_161\jre\bin\ucrtbase.dll
0x73960000 - 0x7399b000 	C:\Program Files (x86)\Java\jdk1.8.0_161\jre\bin\concrt140.dll
0x723b0000 - 0x72421000 	C:\WINDOWS\SYSTEM32\MSVCP140.dll
0x72120000 - 0x72135000 	C:\WINDOWS\SYSTEM32\VCRUNTIME140.dll
0x73940000 - 0x73954000 	C:\Program Files (x86)\Java\jdk1.8.0_161\jre\bin\vcruntime140.dll
0x738d0000 - 0x7393c000 	C:\Program Files (x86)\Java\jdk1.8.0_161\jre\bin\msvcp140.dll
0x72b60000 - 0x72b7f000 	C:\Program Files (x86)\Java\jdk1.8.0_161\jre\bin\prism_d3d.dll
0x14fd0000 - 0x1513f000 	C:\WINDOWS\system32\d3d9.dll
0x711d0000 - 0x711f3000 	C:\WINDOWS\SYSTEM32\dwmapi.dll
0x71200000 - 0x7127c000 	C:\WINDOWS\system32\uxtheme.dll
0x18a10000 - 0x1c57d000 	C:\WINDOWS\System32\DriverStore\FileRepository\ki125183.inf_amd64_cb49708b33bad074\igdumdim32.dll
0x763f0000 - 0x7681b000 	C:\WINDOWS\System32\SETUPAPI.dll
0x76b70000 - 0x76c6c000 	C:\WINDOWS\System32\ole32.dll
0x74030000 - 0x740c6000 	C:\WINDOWS\System32\OLEAUT32.dll
0x715a0000 - 0x715d8000 	C:\Program Files (x86)\Java\jdk1.8.0_161\jre\bin\glass.dll
0x76e40000 - 0x76f16000 	C:\WINDOWS\System32\COMDLG32.dll
0x773b0000 - 0x774f3000 	C:\WINDOWS\System32\MSCTF.dll
0x54770000 - 0x55a18000 	C:\WINDOWS\System32\DriverStore\FileRepository\ki125183.inf_amd64_cb49708b33bad074\igc32.dll
0x738c0000 - 0x738d0000 	C:\Program Files (x86)\Java\jdk1.8.0_161\jre\bin\javafx_font.dll
0x62770000 - 0x629f8000 	C:\WINDOWS\SYSTEM32\dwrite.dll
0x775d0000 - 0x77653000 	C:\WINDOWS\System32\clbcatq.dll
0x52a90000 - 0x52c01000 	C:\WINDOWS\SYSTEM32\WindowsCodecs.dll
0x62e40000 - 0x62e8f000 	C:\WINDOWS\system32\dataexchange.dll
0x62be0000 - 0x62e32000 	C:\WINDOWS\system32\d3d11.dll
0x62aa0000 - 0x62bdc000 	C:\WINDOWS\system32\dcomp.dll
0x62a00000 - 0x62a98000 	C:\WINDOWS\system32\dxgi.dll
0x68e30000 - 0x68f95000 	C:\WINDOWS\system32\twinapi.appcore.dll
0x68e00000 - 0x68e21000 	C:\WINDOWS\system32\RMCLIENT.dll
0x72b30000 - 0x72b55000 	C:\Program Files (x86)\Common Files\Microsoft Shared\Ink\rtscom.dll
0x61690000 - 0x6170d000 	C:\WINDOWS\System32\TextInputFramework.dll
0x630b0000 - 0x6330d000 	C:\WINDOWS\System32\CoreUIComponents.dll
0x63310000 - 0x6339b000 	C:\WINDOWS\System32\CoreMessaging.dll
0x708d0000 - 0x708f9000 	C:\WINDOWS\SYSTEM32\ntmarta.dll
0x698e0000 - 0x699b6000 	C:\WINDOWS\SYSTEM32\wintypes.dll
0x72b20000 - 0x72b2f000 	C:\Program Files (x86)\Java\jdk1.8.0_161\jre\bin\prism_common.dll
0x72320000 - 0x723ae000 	C:\WINDOWS\SYSTEM32\DNSAPI.dll
0x75b10000 - 0x75b17000 	C:\WINDOWS\System32\NSI.dll
0x733e0000 - 0x73410000 	C:\WINDOWS\SYSTEM32\IPHLPAPI.DLL
0x6de50000 - 0x6de58000 	C:\Windows\System32\rasadhlp.dll
0x6dd80000 - 0x6ddcf000 	C:\WINDOWS\System32\fwpuclnt.dll
0x729a0000 - 0x729b9000 	C:\WINDOWS\SYSTEM32\bcrypt.dll
0x724a0000 - 0x724c0000 	C:\Program Files (x86)\Java\jdk1.8.0_161\jre\bin\sunec.dll

VM Arguments:
jvm_args: -javaagent:C:\Program Files\JetBrains\IntelliJ IDEA Community Edition 2018.3\lib\idea_rt.jar=58012:C:\Program Files\JetBrains\IntelliJ IDEA Community Edition 2018.3\bin -Dfile.encoding=UTF-8 
java_command: sample.Main
java_class_path (initial): C:\Program Files (x86)\Java\jdk1.8.0_161\jre\lib\charsets.jar;C:\Program Files (x86)\Java\jdk1.8.0_161\jre\lib\deploy.jar;C:\Program Files (x86)\Java\jdk1.8.0_161\jre\lib\ext\access-bridge-32.jar;C:\Program Files (x86)\Java\jdk1.8.0_161\jre\lib\ext\cldrdata.jar;C:\Program Files (x86)\Java\jdk1.8.0_161\jre\lib\ext\dnsns.jar;C:\Program Files (x86)\Java\jdk1.8.0_161\jre\lib\ext\jaccess.jar;C:\Program Files (x86)\Java\jdk1.8.0_161\jre\lib\ext\jfxrt.jar;C:\Program Files (x86)\Java\jdk1.8.0_161\jre\lib\ext\localedata.jar;C:\Program Files (x86)\Java\jdk1.8.0_161\jre\lib\ext\nashorn.jar;C:\Program Files (x86)\Java\jdk1.8.0_161\jre\lib\ext\sunec.jar;C:\Program Files (x86)\Java\jdk1.8.0_161\jre\lib\ext\sunjce_provider.jar;C:\Program Files (x86)\Java\jdk1.8.0_161\jre\lib\ext\sunmscapi.jar;C:\Program Files (x86)\Java\jdk1.8.0_161\jre\lib\ext\sunpkcs11.jar;C:\Program Files (x86)\Java\jdk1.8.0_161\jre\lib\ext\zipfs.jar;C:\Program Files (x86)\Java\jdk1.8.0_161\jre\lib\javaws.jar;C:\Program Files (x86)\Java\jdk1.8.0_161\jre\lib\jce.jar;C:\Program Files (x86)\Java\jdk1.8.0_161\jre\lib\jfr.jar;C:\Program Files (x86)\Java\jdk1.8.0_161\jre\lib\jfxswt.jar;C:\Program Files (x86)\Java\jdk1.8.0_161\jre\lib\jsse.jar;C:\Program Files (x86)\Java\jdk1.8.0_161\jre\lib\management-agent.jar;C:\Program Files (x86)\Java\jdk1.8.0_161\jre\lib\plugin.jar;C:\Program Files (x86)\Java\jdk1.8.0_161\jre\lib\resources.jar;C:\Program Files (x86)\Java\jdk1.8.0_161\jre\lib\rt.jar;D:\Java\TPO2FX\out\production\TPO2FX;C:\Users\jakub\Downloads\java-json.jar\java-json.jar;C:\Users\jakub\Downloads\jsoup-1.11.3.jar;C:\Program Files\JetBrains\IntelliJ IDEA Community Edition 2018.3\lib\idea_rt.jar
Launcher Type: SUN_STANDARD

Environment Variables:
PATH=C:\ProgramData\Oracle\Java\javapath;C:\Program Files (x86)\Intel\iCLS Client\;C:\Program Files\Intel\iCLS Client\;C:\Windows\system32;C:\Windows;C:\Windows\System32\Wbem;C:\Windows\System32\WindowsPowerShell\v1.0\;C:\Program Files (x86)\Intel\Intel(R) Management Engine Components\DAL;C:\Program Files\Intel\Intel(R) Management Engine Components\DAL;C:\Program Files (x86)\Intel\Intel(R) Management Engine Components\IPT;C:\Program Files\Intel\Intel(R) Management Engine Components\IPT;C:\Program Files (x86)\NVIDIA Corporation\PhysX\Common;C:\WINDOWS\system32;C:\WINDOWS;C:\WINDOWS\System32\Wbem;C:\WINDOWS\System32\WindowsPowerShell\v1.0\;c:\Program Files (x86)\Microsoft SQL Server\90\Tools\binn\;C:\WINDOWS\System32\OpenSSH\;C:\Program Files\Intel\WiFi\bin\;C:\Program Files\Common Files\Intel\WirelessCommon\;C:\Program Files (x86)\Java\jdk1.8.0_161\bin;C:\Program Files\Microsoft SQL Server\Client SDK\ODBC\130\Tools\Binn\;C:\Program Files (x86)\Microsoft SQL Server\140\Tools\Binn\;C:\Program Files\Microsoft SQL Server\140\Tools\Binn\;C:\Program Files\Microsoft SQL Server\140\DTS\Binn\;C:\Program Files (x86)\Microsoft SQL Server\Client SDK\ODBC\130\Tools\Binn\;C:\Program Files (x86)\Microsoft SQL Server\140\DTS\Binn\;C:\Program Files (x86)\Microsoft SQL Server\140\Tools\Binn\ManagementStudio\;C:\Program Files\dotnet\;C:\Program Files\Microsoft SQL Server\130\Tools\Binn\;C:\Users\jakub\AppData\Local\Microsoft\WindowsApps;C:\Users\jakub\AppData\Local\Programs\Microsoft VS Code\bin;C:\Users\jakub\AppData\Local\GitHubDesktop\bin;C:\Users\jakub\Downloads\sqldeveloper\jdbc\lib;C:\Program Files (x86)\Java\jdk1.8.0_161\jre\lib\ext;
USERNAME=jakub
OS=Windows_NT
PROCESSOR_IDENTIFIER=Intel64 Family 6 Model 158 Stepping 9, GenuineIntel



---------------  S Y S T E M  ---------------

OS: Windows 10.0 , 64 bit Build 17134 (10.0.17134.648)

CPU:total 4 (initial active 4) (4 cores per cpu, 1 threads per core) family 6 model 158 stepping 9, cmov, cx8, fxsr, mmx, sse, sse2, sse3, ssse3, sse4.1, sse4.2, popcnt, avx, avx2, aes, clmul, erms, 3dnowpref, lzcnt, tsc, tscinvbit, bmi1, bmi2, adx

Memory: 4k page, physical 8247448k(1220768k free), swap 17779468k(2127344k free)

vm_info: Java HotSpot(TM) Client VM (25.161-b12) for windows-x86 JRE (1.8.0_161-b12), built on Dec 19 2017 17:09:29 by "java_re" with MS VC++ 10.0 (VS2010)

time: Wed Apr 03 00:08:38 2019
elapsed time: 20 seconds (0d 0h 0m 20s)

